{"C:\\Users\\v.csaba\\Desktop\\Pz_Vcskitörölt (7)\\Pz_Vcskitörölt\\Pz_Vcs\\api\\app.js": {"path":"C:\\Users\\v.csaba\\Desktop\\Pz_Vcskitörölt (7)\\Pz_Vcskitörölt\\Pz_Vcs\\api\\app.js","statementMap":{"0":{"start":{"line":1,"column":0},"end":{"line":3,"column":5}},"1":{"start":{"line":4,"column":0},"end":{"line":4,"column":15}},"2":{"start":{"line":5,"column":16},"end":{"line":5,"column":34}},"3":{"start":{"line":6,"column":13},"end":{"line":6,"column":28}},"4":{"start":{"line":8,"column":26},"end":{"line":8,"column":63}},"5":{"start":{"line":9,"column":19},"end":{"line":9,"column":49}},"6":{"start":{"line":10,"column":23},"end":{"line":10,"column":57}},"7":{"start":{"line":11,"column":20},"end":{"line":11,"column":51}},"8":{"start":{"line":13,"column":29},"end":{"line":13,"column":56}},"9":{"start":{"line":14,"column":32},"end":{"line":14,"column":69}},"10":{"start":{"line":15,"column":30},"end":{"line":15,"column":76}},"11":{"start":{"line":16,"column":12},"end":{"line":16,"column":21}},"12":{"start":{"line":19,"column":0},"end":{"line":19,"column":16}},"13":{"start":{"line":20,"column":0},"end":{"line":20,"column":24}},"14":{"start":{"line":24,"column":0},"end":{"line":24,"column":27}},"15":{"start":{"line":25,"column":0},"end":{"line":25,"column":62}},"16":{"start":{"line":28,"column":0},"end":{"line":30,"column":3}},"17":{"start":{"line":29,"column":4},"end":{"line":29,"column":62}},"18":{"start":{"line":32,"column":0},"end":{"line":32,"column":44}},"19":{"start":{"line":33,"column":0},"end":{"line":33,"column":30}},"20":{"start":{"line":34,"column":0},"end":{"line":34,"column":39}},"21":{"start":{"line":35,"column":0},"end":{"line":35,"column":33}},"22":{"start":{"line":39,"column":0},"end":{"line":39,"column":18}},"23":{"start":{"line":42,"column":0},"end":{"line":42,"column":19}},"24":{"start":{"line":44,"column":0},"end":{"line":44,"column":21}}},"fnMap":{"0":{"name":"(anonymous_0)","decl":{"start":{"line":28,"column":13},"end":{"line":28,"column":14}},"loc":{"start":{"line":28,"column":27},"end":{"line":30,"column":1}},"line":28}},"branchMap":{"0":{"loc":{"start":{"line":2,"column":10},"end":{"line":2,"column":64}},"type":"cond-expr","locations":[{"start":{"line":2,"column":44},"end":{"line":2,"column":55}},{"start":{"line":2,"column":58},"end":{"line":2,"column":64}}],"line":2}},"s":{"0":4,"1":4,"2":4,"3":4,"4":4,"5":4,"6":4,"7":4,"8":4,"9":4,"10":4,"11":4,"12":4,"13":4,"14":4,"15":4,"16":4,"17":0,"18":4,"19":4,"20":4,"21":4,"22":4,"23":4,"24":4},"f":{"0":0},"b":{"0":[4,0]},"_coverageSchema":"1a1c01bbd47fc00a2c39e90264f33305004495a9","hash":"d5d97432e41efffa36e4815278b89f09c587ea18"}
,"C:\\Users\\v.csaba\\Desktop\\Pz_Vcskitörölt (7)\\Pz_Vcskitörölt\\Pz_Vcs\\api\\config\\swagger.js": {"path":"C:\\Users\\v.csaba\\Desktop\\Pz_Vcskitörölt (7)\\Pz_Vcskitörölt\\Pz_Vcs\\api\\config\\swagger.js","statementMap":{"0":{"start":{"line":1,"column":21},"end":{"line":1,"column":45}},"1":{"start":{"line":2,"column":18},"end":{"line":2,"column":47}},"2":{"start":{"line":4,"column":16},"end":{"line":33,"column":1}},"3":{"start":{"line":35,"column":14},"end":{"line":35,"column":35}},"4":{"start":{"line":37,"column":0},"end":{"line":37,"column":38}}},"fnMap":{},"branchMap":{},"s":{"0":4,"1":4,"2":4,"3":4,"4":4},"f":{},"b":{},"_coverageSchema":"1a1c01bbd47fc00a2c39e90264f33305004495a9","hash":"2ac7d24e4504c93b0130e9c6c873dec405b01217"}
,"C:\\Users\\v.csaba\\Desktop\\Pz_Vcskitörölt (7)\\Pz_Vcskitörölt\\Pz_Vcs\\api\\controllers\\adminController.js": {"path":"C:\\Users\\v.csaba\\Desktop\\Pz_Vcskitörölt (7)\\Pz_Vcskitörölt\\Pz_Vcs\\api\\controllers\\adminController.js","statementMap":{"0":{"start":{"line":1,"column":11},"end":{"line":1,"column":27}},"1":{"start":{"line":2,"column":25},"end":{"line":2,"column":50}},"2":{"start":{"line":4,"column":0},"end":{"line":13,"column":2}},"3":{"start":{"line":5,"column":4},"end":{"line":12,"column":5}},"4":{"start":{"line":6,"column":34},"end":{"line":6,"column":42}},"5":{"start":{"line":7,"column":23},"end":{"line":7,"column":62}},"6":{"start":{"line":8,"column":8},"end":{"line":8,"column":37}},"7":{"start":{"line":10,"column":8},"end":{"line":10,"column":43}},"8":{"start":{"line":11,"column":8},"end":{"line":11,"column":20}},"9":{"start":{"line":15,"column":0},"end":{"line":25,"column":2}},"10":{"start":{"line":16,"column":4},"end":{"line":24,"column":5}},"11":{"start":{"line":17,"column":8},"end":{"line":21,"column":10}},"12":{"start":{"line":23,"column":8},"end":{"line":23,"column":20}},"13":{"start":{"line":27,"column":0},"end":{"line":37,"column":2}},"14":{"start":{"line":28,"column":4},"end":{"line":36,"column":5}},"15":{"start":{"line":29,"column":8},"end":{"line":33,"column":10}},"16":{"start":{"line":35,"column":8},"end":{"line":35,"column":20}},"17":{"start":{"line":39,"column":0},"end":{"line":49,"column":2}},"18":{"start":{"line":40,"column":4},"end":{"line":48,"column":5}},"19":{"start":{"line":41,"column":23},"end":{"line":43,"column":10}},"20":{"start":{"line":45,"column":8},"end":{"line":45,"column":37}},"21":{"start":{"line":47,"column":8},"end":{"line":47,"column":20}},"22":{"start":{"line":51,"column":0},"end":{"line":61,"column":2}},"23":{"start":{"line":52,"column":4},"end":{"line":60,"column":5}},"24":{"start":{"line":53,"column":8},"end":{"line":55,"column":11}},"25":{"start":{"line":57,"column":8},"end":{"line":57,"column":61}},"26":{"start":{"line":59,"column":8},"end":{"line":59,"column":20}},"27":{"start":{"line":63,"column":0},"end":{"line":73,"column":2}},"28":{"start":{"line":64,"column":4},"end":{"line":72,"column":5}},"29":{"start":{"line":65,"column":8},"end":{"line":67,"column":11}},"30":{"start":{"line":69,"column":8},"end":{"line":69,"column":59}},"31":{"start":{"line":71,"column":8},"end":{"line":71,"column":20}}},"fnMap":{"0":{"name":"(anonymous_0)","decl":{"start":{"line":4,"column":16},"end":{"line":4,"column":17}},"loc":{"start":{"line":4,"column":42},"end":{"line":13,"column":1}},"line":4},"1":{"name":"(anonymous_1)","decl":{"start":{"line":15,"column":21},"end":{"line":15,"column":22}},"loc":{"start":{"line":15,"column":47},"end":{"line":25,"column":1}},"line":15},"2":{"name":"(anonymous_2)","decl":{"start":{"line":27,"column":19},"end":{"line":27,"column":20}},"loc":{"start":{"line":27,"column":45},"end":{"line":37,"column":1}},"line":27},"3":{"name":"(anonymous_3)","decl":{"start":{"line":39,"column":22},"end":{"line":39,"column":23}},"loc":{"start":{"line":39,"column":48},"end":{"line":49,"column":1}},"line":39},"4":{"name":"(anonymous_4)","decl":{"start":{"line":51,"column":22},"end":{"line":51,"column":23}},"loc":{"start":{"line":51,"column":48},"end":{"line":61,"column":1}},"line":51},"5":{"name":"(anonymous_5)","decl":{"start":{"line":63,"column":22},"end":{"line":63,"column":23}},"loc":{"start":{"line":63,"column":48},"end":{"line":73,"column":1}},"line":63}},"branchMap":{},"s":{"0":4,"1":4,"2":4,"3":7,"4":7,"5":7,"6":5,"7":2,"8":2,"9":4,"10":1,"11":1,"12":0,"13":4,"14":2,"15":2,"16":1,"17":4,"18":1,"19":1,"20":1,"21":0,"22":4,"23":1,"24":1,"25":1,"26":0,"27":4,"28":1,"29":1,"30":1,"31":0},"f":{"0":7,"1":1,"2":2,"3":1,"4":1,"5":1},"b":{},"_coverageSchema":"1a1c01bbd47fc00a2c39e90264f33305004495a9","hash":"3a1a730ab62a218c289b43319f2eac0f594a0733"}
,"C:\\Users\\v.csaba\\Desktop\\Pz_Vcskitörölt (7)\\Pz_Vcskitörölt\\Pz_Vcs\\api\\controllers\\cipoController.js": {"path":"C:\\Users\\v.csaba\\Desktop\\Pz_Vcskitörölt (7)\\Pz_Vcskitörölt\\Pz_Vcs\\api\\controllers\\cipoController.js","statementMap":{"0":{"start":{"line":1,"column":11},"end":{"line":1,"column":27}},"1":{"start":{"line":2,"column":24},"end":{"line":2,"column":49}},"2":{"start":{"line":4,"column":0},"end":{"line":16,"column":2}},"3":{"start":{"line":5,"column":4},"end":{"line":15,"column":5}},"4":{"start":{"line":6,"column":23},"end":{"line":6,"column":43}},"5":{"start":{"line":8,"column":8},"end":{"line":12,"column":10}},"6":{"start":{"line":14,"column":8},"end":{"line":14,"column":20}},"7":{"start":{"line":17,"column":0},"end":{"line":32,"column":4}},"8":{"start":{"line":18,"column":4},"end":{"line":31,"column":5}},"9":{"start":{"line":20,"column":21},"end":{"line":20,"column":34}},"10":{"start":{"line":21,"column":23},"end":{"line":21,"column":31}},"11":{"start":{"line":23,"column":21},"end":{"line":25,"column":8}},"12":{"start":{"line":27,"column":6},"end":{"line":27,"column":35}},"13":{"start":{"line":30,"column":6},"end":{"line":30,"column":18}},"14":{"start":{"line":33,"column":2},"end":{"line":48,"column":4}},"15":{"start":{"line":34,"column":4},"end":{"line":47,"column":5}},"16":{"start":{"line":36,"column":20},"end":{"line":36,"column":33}},"17":{"start":{"line":37,"column":25},"end":{"line":37,"column":33}},"18":{"start":{"line":39,"column":20},"end":{"line":41,"column":7}},"19":{"start":{"line":43,"column":5},"end":{"line":43,"column":33}},"20":{"start":{"line":46,"column":5},"end":{"line":46,"column":16}},"21":{"start":{"line":50,"column":0},"end":{"line":60,"column":2}},"22":{"start":{"line":51,"column":4},"end":{"line":59,"column":5}},"23":{"start":{"line":52,"column":8},"end":{"line":56,"column":10}},"24":{"start":{"line":58,"column":8},"end":{"line":58,"column":20}},"25":{"start":{"line":62,"column":0},"end":{"line":72,"column":2}},"26":{"start":{"line":63,"column":4},"end":{"line":71,"column":5}},"27":{"start":{"line":64,"column":23},"end":{"line":66,"column":10}},"28":{"start":{"line":68,"column":8},"end":{"line":68,"column":37}},"29":{"start":{"line":70,"column":8},"end":{"line":70,"column":20}},"30":{"start":{"line":74,"column":0},"end":{"line":84,"column":2}},"31":{"start":{"line":75,"column":4},"end":{"line":83,"column":5}},"32":{"start":{"line":76,"column":8},"end":{"line":78,"column":11}},"33":{"start":{"line":80,"column":8},"end":{"line":80,"column":60}},"34":{"start":{"line":82,"column":8},"end":{"line":82,"column":20}},"35":{"start":{"line":86,"column":0},"end":{"line":96,"column":2}},"36":{"start":{"line":87,"column":4},"end":{"line":95,"column":5}},"37":{"start":{"line":88,"column":8},"end":{"line":90,"column":11}},"38":{"start":{"line":92,"column":8},"end":{"line":92,"column":58}},"39":{"start":{"line":94,"column":8},"end":{"line":94,"column":20}}},"fnMap":{"0":{"name":"(anonymous_0)","decl":{"start":{"line":4,"column":19},"end":{"line":4,"column":20}},"loc":{"start":{"line":4,"column":45},"end":{"line":16,"column":1}},"line":4},"1":{"name":"(anonymous_1)","decl":{"start":{"line":17,"column":21},"end":{"line":17,"column":22}},"loc":{"start":{"line":17,"column":47},"end":{"line":32,"column":3}},"line":17},"2":{"name":"(anonymous_2)","decl":{"start":{"line":33,"column":27},"end":{"line":33,"column":28}},"loc":{"start":{"line":33,"column":49},"end":{"line":48,"column":4}},"line":33},"3":{"name":"(anonymous_3)","decl":{"start":{"line":50,"column":18},"end":{"line":50,"column":19}},"loc":{"start":{"line":50,"column":44},"end":{"line":60,"column":1}},"line":50},"4":{"name":"(anonymous_4)","decl":{"start":{"line":62,"column":21},"end":{"line":62,"column":22}},"loc":{"start":{"line":62,"column":47},"end":{"line":72,"column":1}},"line":62},"5":{"name":"(anonymous_5)","decl":{"start":{"line":74,"column":21},"end":{"line":74,"column":22}},"loc":{"start":{"line":74,"column":47},"end":{"line":84,"column":1}},"line":74},"6":{"name":"(anonymous_6)","decl":{"start":{"line":86,"column":21},"end":{"line":86,"column":22}},"loc":{"start":{"line":86,"column":47},"end":{"line":96,"column":1}},"line":86}},"branchMap":{"0":{"loc":{"start":{"line":6,"column":23},"end":{"line":6,"column":43}},"type":"binary-expr","locations":[{"start":{"line":6,"column":23},"end":{"line":6,"column":37}},{"start":{"line":6,"column":41},"end":{"line":6,"column":43}}],"line":6}},"s":{"0":4,"1":4,"2":4,"3":1,"4":1,"5":1,"6":0,"7":4,"8":0,"9":0,"10":0,"11":0,"12":0,"13":0,"14":4,"15":0,"16":0,"17":0,"18":0,"19":0,"20":0,"21":4,"22":2,"23":2,"24":1,"25":4,"26":2,"27":2,"28":1,"29":1,"30":4,"31":1,"32":1,"33":1,"34":0,"35":4,"36":1,"37":1,"38":1,"39":0},"f":{"0":1,"1":0,"2":0,"3":2,"4":2,"5":1,"6":1},"b":{"0":[1,0]},"_coverageSchema":"1a1c01bbd47fc00a2c39e90264f33305004495a9","hash":"42c0049d9a6c0b2c16e40077f89cfdb54e78e891"}
,"C:\\Users\\v.csaba\\Desktop\\Pz_Vcskitörölt (7)\\Pz_Vcskitörölt\\Pz_Vcs\\api\\controllers\\felhasznaloController.js": {"path":"C:\\Users\\v.csaba\\Desktop\\Pz_Vcskitörölt (7)\\Pz_Vcskitörölt\\Pz_Vcs\\api\\controllers\\felhasznaloController.js","statementMap":{"0":{"start":{"line":1,"column":11},"end":{"line":1,"column":27}},"1":{"start":{"line":2,"column":31},"end":{"line":2,"column":56}},"2":{"start":{"line":3,"column":30},"end":{"line":3,"column":50}},"3":{"start":{"line":5,"column":0},"end":{"line":13,"column":2}},"4":{"start":{"line":6,"column":4},"end":{"line":12,"column":5}},"5":{"start":{"line":7,"column":34},"end":{"line":7,"column":42}},"6":{"start":{"line":8,"column":23},"end":{"line":8,"column":68}},"7":{"start":{"line":9,"column":8},"end":{"line":9,"column":37}},"8":{"start":{"line":11,"column":8},"end":{"line":11,"column":20}},"9":{"start":{"line":16,"column":0},"end":{"line":28,"column":2}},"10":{"start":{"line":17,"column":4},"end":{"line":27,"column":5}},"11":{"start":{"line":18,"column":23},"end":{"line":18,"column":50}},"12":{"start":{"line":20,"column":8},"end":{"line":24,"column":10}},"13":{"start":{"line":26,"column":8},"end":{"line":26,"column":20}},"14":{"start":{"line":31,"column":0},"end":{"line":49,"column":2}},"15":{"start":{"line":32,"column":4},"end":{"line":48,"column":5}},"16":{"start":{"line":33,"column":19},"end":{"line":33,"column":40}},"17":{"start":{"line":35,"column":8},"end":{"line":39,"column":9}},"18":{"start":{"line":36,"column":12},"end":{"line":38,"column":14}},"19":{"start":{"line":41,"column":8},"end":{"line":45,"column":10}},"20":{"start":{"line":47,"column":8},"end":{"line":47,"column":20}},"21":{"start":{"line":52,"column":0},"end":{"line":62,"column":2}},"22":{"start":{"line":53,"column":4},"end":{"line":61,"column":5}},"23":{"start":{"line":54,"column":23},"end":{"line":56,"column":10}},"24":{"start":{"line":58,"column":8},"end":{"line":58,"column":37}},"25":{"start":{"line":60,"column":8},"end":{"line":60,"column":20}},"26":{"start":{"line":65,"column":0},"end":{"line":83,"column":2}},"27":{"start":{"line":66,"column":4},"end":{"line":82,"column":5}},"28":{"start":{"line":67,"column":19},"end":{"line":67,"column":40}},"29":{"start":{"line":69,"column":8},"end":{"line":73,"column":9}},"30":{"start":{"line":70,"column":12},"end":{"line":72,"column":14}},"31":{"start":{"line":75,"column":8},"end":{"line":77,"column":11}},"32":{"start":{"line":79,"column":8},"end":{"line":79,"column":67}},"33":{"start":{"line":81,"column":8},"end":{"line":81,"column":20}},"34":{"start":{"line":86,"column":0},"end":{"line":104,"column":2}},"35":{"start":{"line":87,"column":4},"end":{"line":103,"column":5}},"36":{"start":{"line":88,"column":19},"end":{"line":88,"column":40}},"37":{"start":{"line":90,"column":8},"end":{"line":94,"column":9}},"38":{"start":{"line":91,"column":12},"end":{"line":93,"column":14}},"39":{"start":{"line":96,"column":8},"end":{"line":98,"column":11}},"40":{"start":{"line":100,"column":8},"end":{"line":100,"column":65}},"41":{"start":{"line":102,"column":8},"end":{"line":102,"column":20}}},"fnMap":{"0":{"name":"(anonymous_0)","decl":{"start":{"line":5,"column":16},"end":{"line":5,"column":17}},"loc":{"start":{"line":5,"column":42},"end":{"line":13,"column":1}},"line":5},"1":{"name":"(anonymous_1)","decl":{"start":{"line":16,"column":26},"end":{"line":16,"column":27}},"loc":{"start":{"line":16,"column":52},"end":{"line":28,"column":1}},"line":16},"2":{"name":"(anonymous_2)","decl":{"start":{"line":31,"column":25},"end":{"line":31,"column":26}},"loc":{"start":{"line":31,"column":51},"end":{"line":49,"column":1}},"line":31},"3":{"name":"(anonymous_3)","decl":{"start":{"line":52,"column":28},"end":{"line":52,"column":29}},"loc":{"start":{"line":52,"column":54},"end":{"line":62,"column":1}},"line":52},"4":{"name":"(anonymous_4)","decl":{"start":{"line":65,"column":28},"end":{"line":65,"column":29}},"loc":{"start":{"line":65,"column":54},"end":{"line":83,"column":1}},"line":65},"5":{"name":"(anonymous_5)","decl":{"start":{"line":86,"column":28},"end":{"line":86,"column":29}},"loc":{"start":{"line":86,"column":54},"end":{"line":104,"column":1}},"line":86}},"branchMap":{"0":{"loc":{"start":{"line":18,"column":23},"end":{"line":18,"column":50}},"type":"binary-expr","locations":[{"start":{"line":18,"column":23},"end":{"line":18,"column":44}},{"start":{"line":18,"column":48},"end":{"line":18,"column":50}}],"line":18},"1":{"loc":{"start":{"line":35,"column":8},"end":{"line":39,"column":9}},"type":"if","locations":[{"start":{"line":35,"column":8},"end":{"line":39,"column":9}},{"start":{},"end":{}}],"line":35},"2":{"loc":{"start":{"line":35,"column":12},"end":{"line":35,"column":59}},"type":"binary-expr","locations":[{"start":{"line":35,"column":12},"end":{"line":35,"column":37}},{"start":{"line":35,"column":41},"end":{"line":35,"column":59}}],"line":35},"3":{"loc":{"start":{"line":69,"column":8},"end":{"line":73,"column":9}},"type":"if","locations":[{"start":{"line":69,"column":8},"end":{"line":73,"column":9}},{"start":{},"end":{}}],"line":69},"4":{"loc":{"start":{"line":69,"column":12},"end":{"line":69,"column":59}},"type":"binary-expr","locations":[{"start":{"line":69,"column":12},"end":{"line":69,"column":37}},{"start":{"line":69,"column":41},"end":{"line":69,"column":59}}],"line":69},"5":{"loc":{"start":{"line":90,"column":8},"end":{"line":94,"column":9}},"type":"if","locations":[{"start":{"line":90,"column":8},"end":{"line":94,"column":9}},{"start":{},"end":{}}],"line":90},"6":{"loc":{"start":{"line":90,"column":12},"end":{"line":90,"column":59}},"type":"binary-expr","locations":[{"start":{"line":90,"column":12},"end":{"line":90,"column":37}},{"start":{"line":90,"column":41},"end":{"line":90,"column":59}}],"line":90}},"s":{"0":4,"1":4,"2":4,"3":4,"4":5,"5":5,"6":5,"7":5,"8":0,"9":4,"10":1,"11":1,"12":1,"13":0,"14":4,"15":3,"16":3,"17":3,"18":1,"19":2,"20":1,"21":4,"22":2,"23":2,"24":1,"25":1,"26":4,"27":2,"28":2,"29":2,"30":1,"31":1,"32":1,"33":1,"34":4,"35":2,"36":2,"37":2,"38":0,"39":2,"40":2,"41":0},"f":{"0":5,"1":1,"2":3,"3":2,"4":2,"5":2},"b":{"0":[1,0],"1":[1,2],"2":[3,2],"3":[1,1],"4":[2,2],"5":[0,2],"6":[2,1]},"_coverageSchema":"1a1c01bbd47fc00a2c39e90264f33305004495a9","hash":"fe88e6fde62f5c94eb6d3e8ee23b5c8b1421800a"}
,"C:\\Users\\v.csaba\\Desktop\\Pz_Vcskitörölt (7)\\Pz_Vcskitörölt\\Pz_Vcs\\api\\controllers\\rendelesController.js": {"path":"C:\\Users\\v.csaba\\Desktop\\Pz_Vcskitörölt (7)\\Pz_Vcskitörölt\\Pz_Vcs\\api\\controllers\\rendelesController.js","statementMap":{"0":{"start":{"line":1,"column":11},"end":{"line":1,"column":27}},"1":{"start":{"line":2,"column":28},"end":{"line":2,"column":53}},"2":{"start":{"line":3,"column":30},"end":{"line":3,"column":50}},"3":{"start":{"line":5,"column":0},"end":{"line":17,"column":2}},"4":{"start":{"line":6,"column":4},"end":{"line":16,"column":5}},"5":{"start":{"line":7,"column":23},"end":{"line":7,"column":47}},"6":{"start":{"line":9,"column":8},"end":{"line":13,"column":10}},"7":{"start":{"line":15,"column":8},"end":{"line":15,"column":20}},"8":{"start":{"line":19,"column":0},"end":{"line":38,"column":2}},"9":{"start":{"line":20,"column":4},"end":{"line":37,"column":5}},"10":{"start":{"line":21,"column":19},"end":{"line":21,"column":40}},"11":{"start":{"line":23,"column":25},"end":{"line":25,"column":10}},"12":{"start":{"line":27,"column":8},"end":{"line":32,"column":9}},"13":{"start":{"line":31,"column":12},"end":{"line":31,"column":81}},"14":{"start":{"line":34,"column":8},"end":{"line":34,"column":39}},"15":{"start":{"line":36,"column":8},"end":{"line":36,"column":20}},"16":{"start":{"line":39,"column":0},"end":{"line":63,"column":2}},"17":{"start":{"line":40,"column":4},"end":{"line":62,"column":5}},"18":{"start":{"line":41,"column":23},"end":{"line":41,"column":34}},"19":{"start":{"line":43,"column":54},"end":{"line":43,"column":62}},"20":{"start":{"line":45,"column":23},"end":{"line":57,"column":9}},"21":{"start":{"line":59,"column":8},"end":{"line":59,"column":37}},"22":{"start":{"line":61,"column":8},"end":{"line":61,"column":20}},"23":{"start":{"line":88,"column":0},"end":{"line":102,"column":2}},"24":{"start":{"line":89,"column":4},"end":{"line":101,"column":5}},"25":{"start":{"line":90,"column":8},"end":{"line":96,"column":10}},"26":{"start":{"line":98,"column":8},"end":{"line":98,"column":64}},"27":{"start":{"line":100,"column":8},"end":{"line":100,"column":20}},"28":{"start":{"line":104,"column":0},"end":{"line":117,"column":2}},"29":{"start":{"line":105,"column":4},"end":{"line":116,"column":5}},"30":{"start":{"line":106,"column":8},"end":{"line":111,"column":10}},"31":{"start":{"line":113,"column":8},"end":{"line":113,"column":62}},"32":{"start":{"line":115,"column":8},"end":{"line":115,"column":20}},"33":{"start":{"line":122,"column":0},"end":{"line":135,"column":2}},"34":{"start":{"line":123,"column":4},"end":{"line":134,"column":5}},"35":{"start":{"line":124,"column":23},"end":{"line":124,"column":34}},"36":{"start":{"line":126,"column":21},"end":{"line":128,"column":10}},"37":{"start":{"line":130,"column":8},"end":{"line":130,"column":35}},"38":{"start":{"line":133,"column":8},"end":{"line":133,"column":20}},"39":{"start":{"line":137,"column":0},"end":{"line":153,"column":2}},"40":{"start":{"line":138,"column":4},"end":{"line":152,"column":5}},"41":{"start":{"line":139,"column":23},"end":{"line":139,"column":34}},"42":{"start":{"line":140,"column":27},"end":{"line":140,"column":35}},"43":{"start":{"line":142,"column":23},"end":{"line":146,"column":9}},"44":{"start":{"line":148,"column":8},"end":{"line":148,"column":37}},"45":{"start":{"line":151,"column":8},"end":{"line":151,"column":20}}},"fnMap":{"0":{"name":"(anonymous_0)","decl":{"start":{"line":5,"column":24},"end":{"line":5,"column":25}},"loc":{"start":{"line":5,"column":50},"end":{"line":17,"column":1}},"line":5},"1":{"name":"(anonymous_1)","decl":{"start":{"line":19,"column":22},"end":{"line":19,"column":23}},"loc":{"start":{"line":19,"column":48},"end":{"line":38,"column":1}},"line":19},"2":{"name":"(anonymous_2)","decl":{"start":{"line":39,"column":25},"end":{"line":39,"column":26}},"loc":{"start":{"line":39,"column":51},"end":{"line":63,"column":1}},"line":39},"3":{"name":"(anonymous_3)","decl":{"start":{"line":88,"column":25},"end":{"line":88,"column":26}},"loc":{"start":{"line":88,"column":51},"end":{"line":102,"column":1}},"line":88},"4":{"name":"(anonymous_4)","decl":{"start":{"line":104,"column":25},"end":{"line":104,"column":26}},"loc":{"start":{"line":104,"column":51},"end":{"line":117,"column":1}},"line":104},"5":{"name":"(anonymous_5)","decl":{"start":{"line":122,"column":18},"end":{"line":122,"column":19}},"loc":{"start":{"line":122,"column":44},"end":{"line":135,"column":1}},"line":122},"6":{"name":"(anonymous_6)","decl":{"start":{"line":137,"column":20},"end":{"line":137,"column":21}},"loc":{"start":{"line":137,"column":46},"end":{"line":153,"column":1}},"line":137}},"branchMap":{"0":{"loc":{"start":{"line":7,"column":23},"end":{"line":7,"column":47}},"type":"binary-expr","locations":[{"start":{"line":7,"column":23},"end":{"line":7,"column":41}},{"start":{"line":7,"column":45},"end":{"line":7,"column":47}}],"line":7},"1":{"loc":{"start":{"line":27,"column":8},"end":{"line":32,"column":9}},"type":"if","locations":[{"start":{"line":27,"column":8},"end":{"line":32,"column":9}},{"start":{},"end":{}}],"line":27},"2":{"loc":{"start":{"line":28,"column":12},"end":{"line":29,"column":51}},"type":"binary-expr","locations":[{"start":{"line":28,"column":12},"end":{"line":28,"column":37}},{"start":{"line":29,"column":12},"end":{"line":29,"column":51}}],"line":28}},"s":{"0":4,"1":4,"2":4,"3":4,"4":1,"5":1,"6":1,"7":0,"8":4,"9":3,"10":3,"11":3,"12":3,"13":1,"14":2,"15":1,"16":4,"17":2,"18":2,"19":2,"20":2,"21":1,"22":1,"23":4,"24":1,"25":1,"26":1,"27":0,"28":4,"29":1,"30":1,"31":1,"32":0,"33":4,"34":0,"35":0,"36":0,"37":0,"38":0,"39":4,"40":0,"41":0,"42":0,"43":0,"44":0,"45":0},"f":{"0":1,"1":3,"2":2,"3":1,"4":1,"5":0,"6":0},"b":{"0":[1,0],"1":[1,2],"2":[3,2]},"_coverageSchema":"1a1c01bbd47fc00a2c39e90264f33305004495a9","hash":"78cb7a3e28eca2721665b0fc10736ff45c1263d8"}
,"C:\\Users\\v.csaba\\Desktop\\Pz_Vcskitörölt (7)\\Pz_Vcskitörölt\\Pz_Vcs\\api\\db\\index.js": {"path":"C:\\Users\\v.csaba\\Desktop\\Pz_Vcskitörölt (7)\\Pz_Vcskitörölt\\Pz_Vcs\\api\\db\\index.js","statementMap":{"0":{"start":{"line":4,"column":22},"end":{"line":4,"column":42}},"1":{"start":{"line":5,"column":20},"end":{"line":5,"column":40}},"2":{"start":{"line":9,"column":0},"end":{"line":31,"column":1}},"3":{"start":{"line":12,"column":4},"end":{"line":16,"column":7}},"4":{"start":{"line":21,"column":4},"end":{"line":30,"column":6}},"5":{"start":{"line":33,"column":15},"end":{"line":33,"column":46}},"6":{"start":{"line":35,"column":11},"end":{"line":39,"column":1}},"7":{"start":{"line":42,"column":0},"end":{"line":67,"column":1}},"8":{"start":{"line":44,"column":4},"end":{"line":52,"column":9}},"9":{"start":{"line":45,"column":8},"end":{"line":51,"column":9}},"10":{"start":{"line":46,"column":12},"end":{"line":46,"column":57}},"11":{"start":{"line":47,"column":12},"end":{"line":47,"column":46}},"12":{"start":{"line":48,"column":12},"end":{"line":48,"column":72}},"13":{"start":{"line":50,"column":12},"end":{"line":50,"column":63}},"14":{"start":{"line":54,"column":17},"end":{"line":54,"column":42}},"15":{"start":{"line":56,"column":4},"end":{"line":66,"column":9}},"16":{"start":{"line":57,"column":8},"end":{"line":65,"column":9}},"17":{"start":{"line":58,"column":12},"end":{"line":58,"column":54}},"18":{"start":{"line":59,"column":12},"end":{"line":59,"column":38}},"19":{"start":{"line":60,"column":12},"end":{"line":60,"column":52}},"20":{"start":{"line":61,"column":12},"end":{"line":61,"column":27}},"21":{"start":{"line":63,"column":12},"end":{"line":63,"column":48}},"22":{"start":{"line":64,"column":12},"end":{"line":64,"column":24}},"23":{"start":{"line":69,"column":0},"end":{"line":69,"column":20}}},"fnMap":{"0":{"name":"(anonymous_0)","decl":{"start":{"line":44,"column":5},"end":{"line":44,"column":6}},"loc":{"start":{"line":44,"column":17},"end":{"line":52,"column":5}},"line":44},"1":{"name":"(anonymous_1)","decl":{"start":{"line":56,"column":5},"end":{"line":56,"column":6}},"loc":{"start":{"line":56,"column":17},"end":{"line":66,"column":5}},"line":56}},"branchMap":{"0":{"loc":{"start":{"line":9,"column":0},"end":{"line":31,"column":1}},"type":"if","locations":[{"start":{"line":9,"column":0},"end":{"line":31,"column":1}},{"start":{"line":18,"column":7},"end":{"line":31,"column":1}}],"line":9},"1":{"loc":{"start":{"line":42,"column":0},"end":{"line":67,"column":1}},"type":"if","locations":[{"start":{"line":42,"column":0},"end":{"line":67,"column":1}},{"start":{},"end":{}}],"line":42}},"s":{"0":4,"1":4,"2":4,"3":4,"4":0,"5":4,"6":4,"7":4,"8":0,"9":0,"10":0,"11":0,"12":0,"13":0,"14":0,"15":0,"16":0,"17":0,"18":0,"19":0,"20":0,"21":0,"22":0,"23":4},"f":{"0":0,"1":0},"b":{"0":[4,0],"1":[0,4]},"_coverageSchema":"1a1c01bbd47fc00a2c39e90264f33305004495a9","hash":"6a2a5951a897a7c93a265b3c3df010c4415ac1e9"}
,"C:\\Users\\v.csaba\\Desktop\\Pz_Vcskitörölt (7)\\Pz_Vcskitörölt\\Pz_Vcs\\api\\errors\\AppError.js": {"path":"C:\\Users\\v.csaba\\Desktop\\Pz_Vcskitörölt (7)\\Pz_Vcskitörölt\\Pz_Vcs\\api\\errors\\AppError.js","statementMap":{"0":{"start":{"line":6,"column":8},"end":{"line":6,"column":23}},"1":{"start":{"line":8,"column":8},"end":{"line":8,"column":37}},"2":{"start":{"line":10,"column":8},"end":{"line":10,"column":43}},"3":{"start":{"line":12,"column":8},"end":{"line":12,"column":83}},"4":{"start":{"line":14,"column":8},"end":{"line":14,"column":77}},"5":{"start":{"line":16,"column":8},"end":{"line":16,"column":108}},"6":{"start":{"line":20,"column":0},"end":{"line":20,"column":26}}},"fnMap":{"0":{"name":"(anonymous_0)","decl":{"start":{"line":3,"column":4},"end":{"line":3,"column":5}},"loc":{"start":{"line":5,"column":4},"end":{"line":17,"column":5}},"line":5}},"branchMap":{"0":{"loc":{"start":{"line":3,"column":16},"end":{"line":3,"column":49}},"type":"default-arg","locations":[{"start":{"line":3,"column":26},"end":{"line":3,"column":49}}],"line":3},"1":{"loc":{"start":{"line":4,"column":4},"end":{"line":4,"column":90}},"type":"default-arg","locations":[{"start":{"line":4,"column":88},"end":{"line":4,"column":90}}],"line":4},"2":{"loc":{"start":{"line":4,"column":6},"end":{"line":4,"column":22}},"type":"default-arg","locations":[{"start":{"line":4,"column":19},"end":{"line":4,"column":22}}],"line":4},"3":{"loc":{"start":{"line":4,"column":24},"end":{"line":4,"column":44}},"type":"default-arg","locations":[{"start":{"line":4,"column":40},"end":{"line":4,"column":44}}],"line":4},"4":{"loc":{"start":{"line":4,"column":46},"end":{"line":4,"column":65}},"type":"default-arg","locations":[{"start":{"line":4,"column":56},"end":{"line":4,"column":65}}],"line":4},"5":{"loc":{"start":{"line":4,"column":67},"end":{"line":4,"column":83}},"type":"default-arg","locations":[{"start":{"line":4,"column":74},"end":{"line":4,"column":83}}],"line":4},"6":{"loc":{"start":{"line":12,"column":23},"end":{"line":12,"column":82}},"type":"cond-expr","locations":[{"start":{"line":12,"column":63},"end":{"line":12,"column":70}},{"start":{"line":12,"column":73},"end":{"line":12,"column":82}}],"line":12},"7":{"loc":{"start":{"line":14,"column":20},"end":{"line":14,"column":76}},"type":"cond-expr","locations":[{"start":{"line":14,"column":60},"end":{"line":14,"column":64}},{"start":{"line":14,"column":67},"end":{"line":14,"column":76}}],"line":14},"8":{"loc":{"start":{"line":16,"column":8},"end":{"line":16,"column":107}},"type":"cond-expr","locations":[{"start":{"line":16,"column":48},"end":{"line":16,"column":95}},{"start":{"line":16,"column":98},"end":{"line":16,"column":107}}],"line":16}},"s":{"0":21,"1":21,"2":21,"3":21,"4":21,"5":21,"6":4},"f":{"0":21},"b":{"0":[0],"1":[0],"2":[0],"3":[18],"4":[21],"5":[17],"6":[21,0],"7":[21,0],"8":[21,0]},"_coverageSchema":"1a1c01bbd47fc00a2c39e90264f33305004495a9","hash":"f4f15384242b85918dc5df06f614f1d8ef3c1b43"}
,"C:\\Users\\v.csaba\\Desktop\\Pz_Vcskitörölt (7)\\Pz_Vcskitörölt\\Pz_Vcs\\api\\errors\\BadRequestError.js": {"path":"C:\\Users\\v.csaba\\Desktop\\Pz_Vcskitörölt (7)\\Pz_Vcskitörölt\\Pz_Vcs\\api\\errors\\BadRequestError.js","statementMap":{"0":{"start":{"line":1,"column":17},"end":{"line":1,"column":38}},"1":{"start":{"line":7,"column":8},"end":{"line":7,"column":56}},"2":{"start":{"line":11,"column":0},"end":{"line":11,"column":33}}},"fnMap":{"0":{"name":"(anonymous_0)","decl":{"start":{"line":5,"column":4},"end":{"line":5,"column":5}},"loc":{"start":{"line":6,"column":4},"end":{"line":8,"column":5}},"line":6}},"branchMap":{"0":{"loc":{"start":{"line":5,"column":16},"end":{"line":5,"column":39}},"type":"default-arg","locations":[{"start":{"line":5,"column":26},"end":{"line":5,"column":39}}],"line":5},"1":{"loc":{"start":{"line":5,"column":41},"end":{"line":5,"column":53}},"type":"default-arg","locations":[{"start":{"line":5,"column":51},"end":{"line":5,"column":53}}],"line":5}},"s":{"0":4,"1":4,"2":4},"f":{"0":4},"b":{"0":[0],"1":[2]},"_coverageSchema":"1a1c01bbd47fc00a2c39e90264f33305004495a9","hash":"52578ead121bc6d4478e956a2eaa77f733c741ca"}
,"C:\\Users\\v.csaba\\Desktop\\Pz_Vcskitörölt (7)\\Pz_Vcskitörölt\\Pz_Vcs\\api\\errors\\DbError.js": {"path":"C:\\Users\\v.csaba\\Desktop\\Pz_Vcskitörölt (7)\\Pz_Vcskitörölt\\Pz_Vcs\\api\\errors\\DbError.js","statementMap":{"0":{"start":{"line":1,"column":17},"end":{"line":1,"column":38}},"1":{"start":{"line":7,"column":8},"end":{"line":7,"column":78}},"2":{"start":{"line":11,"column":0},"end":{"line":11,"column":25}}},"fnMap":{"0":{"name":"(anonymous_0)","decl":{"start":{"line":5,"column":4},"end":{"line":5,"column":5}},"loc":{"start":{"line":6,"column":4},"end":{"line":8,"column":5}},"line":6}},"branchMap":{"0":{"loc":{"start":{"line":5,"column":16},"end":{"line":5,"column":61}},"type":"default-arg","locations":[{"start":{"line":5,"column":26},"end":{"line":5,"column":61}}],"line":5},"1":{"loc":{"start":{"line":5,"column":63},"end":{"line":5,"column":75}},"type":"default-arg","locations":[{"start":{"line":5,"column":73},"end":{"line":5,"column":75}}],"line":5}},"s":{"0":4,"1":0,"2":4},"f":{"0":0},"b":{"0":[0],"1":[0]},"_coverageSchema":"1a1c01bbd47fc00a2c39e90264f33305004495a9","hash":"010fb142c51d3b983756c854ac1dd1588c2a14ad"}
,"C:\\Users\\v.csaba\\Desktop\\Pz_Vcskitörölt (7)\\Pz_Vcskitörölt\\Pz_Vcs\\api\\errors\\NotFoundError.js": {"path":"C:\\Users\\v.csaba\\Desktop\\Pz_Vcskitörölt (7)\\Pz_Vcskitörölt\\Pz_Vcs\\api\\errors\\NotFoundError.js","statementMap":{"0":{"start":{"line":1,"column":17},"end":{"line":1,"column":38}},"1":{"start":{"line":7,"column":8},"end":{"line":7,"column":77}},"2":{"start":{"line":11,"column":0},"end":{"line":11,"column":31}}},"fnMap":{"0":{"name":"(anonymous_0)","decl":{"start":{"line":5,"column":4},"end":{"line":5,"column":5}},"loc":{"start":{"line":6,"column":4},"end":{"line":8,"column":5}},"line":6}},"branchMap":{"0":{"loc":{"start":{"line":5,"column":16},"end":{"line":5,"column":67}},"type":"default-arg","locations":[{"start":{"line":5,"column":26},"end":{"line":5,"column":67}}],"line":5},"1":{"loc":{"start":{"line":5,"column":69},"end":{"line":5,"column":81}},"type":"default-arg","locations":[{"start":{"line":5,"column":79},"end":{"line":5,"column":81}}],"line":5}},"s":{"0":4,"1":3,"2":4},"f":{"0":3},"b":{"0":[0],"1":[1]},"_coverageSchema":"1a1c01bbd47fc00a2c39e90264f33305004495a9","hash":"dc899fb7e5e7462b0fabf6f21d95546a86848b92"}
,"C:\\Users\\v.csaba\\Desktop\\Pz_Vcskitörölt (7)\\Pz_Vcskitörölt\\Pz_Vcs\\api\\errors\\UnauthorizedError.js": {"path":"C:\\Users\\v.csaba\\Desktop\\Pz_Vcskitörölt (7)\\Pz_Vcskitörölt\\Pz_Vcs\\api\\errors\\UnauthorizedError.js","statementMap":{"0":{"start":{"line":1,"column":17},"end":{"line":1,"column":38}},"1":{"start":{"line":7,"column":8},"end":{"line":7,"column":56}},"2":{"start":{"line":11,"column":0},"end":{"line":11,"column":35}}},"fnMap":{"0":{"name":"(anonymous_0)","decl":{"start":{"line":5,"column":4},"end":{"line":5,"column":5}},"loc":{"start":{"line":6,"column":4},"end":{"line":8,"column":5}},"line":6}},"branchMap":{"0":{"loc":{"start":{"line":5,"column":16},"end":{"line":5,"column":70}},"type":"default-arg","locations":[{"start":{"line":5,"column":26},"end":{"line":5,"column":70}}],"line":5},"1":{"loc":{"start":{"line":5,"column":72},"end":{"line":5,"column":85}},"type":"default-arg","locations":[{"start":{"line":5,"column":83},"end":{"line":5,"column":85}}],"line":5}},"s":{"0":4,"1":14,"2":4},"f":{"0":14},"b":{"0":[0],"1":[14]},"_coverageSchema":"1a1c01bbd47fc00a2c39e90264f33305004495a9","hash":"83e493190caa795f9fb87bb3e673f2d76f6a5d54"}
,"C:\\Users\\v.csaba\\Desktop\\Pz_Vcskitörölt (7)\\Pz_Vcskitörölt\\Pz_Vcs\\api\\errors\\ValidationError.js": {"path":"C:\\Users\\v.csaba\\Desktop\\Pz_Vcskitörölt (7)\\Pz_Vcskitörölt\\Pz_Vcs\\api\\errors\\ValidationError.js","statementMap":{"0":{"start":{"line":1,"column":17},"end":{"line":1,"column":38}},"1":{"start":{"line":7,"column":8},"end":{"line":7,"column":56}},"2":{"start":{"line":11,"column":0},"end":{"line":11,"column":33}}},"fnMap":{"0":{"name":"(anonymous_0)","decl":{"start":{"line":5,"column":4},"end":{"line":5,"column":5}},"loc":{"start":{"line":6,"column":4},"end":{"line":8,"column":5}},"line":6}},"branchMap":{"0":{"loc":{"start":{"line":5,"column":16},"end":{"line":5,"column":52}},"type":"default-arg","locations":[{"start":{"line":5,"column":26},"end":{"line":5,"column":52}}],"line":5},"1":{"loc":{"start":{"line":5,"column":54},"end":{"line":5,"column":66}},"type":"default-arg","locations":[{"start":{"line":5,"column":64},"end":{"line":5,"column":66}}],"line":5}},"s":{"0":4,"1":0,"2":4},"f":{"0":0},"b":{"0":[0],"1":[0]},"_coverageSchema":"1a1c01bbd47fc00a2c39e90264f33305004495a9","hash":"ee6da5ded4b1ab688ba014f16141520615f0c2a1"}
,"C:\\Users\\v.csaba\\Desktop\\Pz_Vcskitörölt (7)\\Pz_Vcskitörölt\\Pz_Vcs\\api\\errors\\index.js": {"path":"C:\\Users\\v.csaba\\Desktop\\Pz_Vcskitörölt (7)\\Pz_Vcskitörölt\\Pz_Vcs\\api\\errors\\index.js","statementMap":{"0":{"start":{"line":1,"column":0},"end":{"line":9,"column":1}}},"fnMap":{},"branchMap":{},"s":{"0":4},"f":{},"b":{},"_coverageSchema":"1a1c01bbd47fc00a2c39e90264f33305004495a9","hash":"d274ed3dfb32480d51281696f83576e8ab31168e"}
,"C:\\Users\\v.csaba\\Desktop\\Pz_Vcskitörölt (7)\\Pz_Vcskitörölt\\Pz_Vcs\\api\\middlewares\\authMiddleware.js": {"path":"C:\\Users\\v.csaba\\Desktop\\Pz_Vcskitörölt (7)\\Pz_Vcskitörölt\\Pz_Vcs\\api\\middlewares\\authMiddleware.js","statementMap":{"0":{"start":{"line":1,"column":12},"end":{"line":1,"column":35}},"1":{"start":{"line":2,"column":30},"end":{"line":2,"column":50}},"2":{"start":{"line":4,"column":0},"end":{"line":24,"column":2}},"3":{"start":{"line":5,"column":23},"end":{"line":5,"column":48}},"4":{"start":{"line":7,"column":4},"end":{"line":11,"column":5}},"5":{"start":{"line":9,"column":8},"end":{"line":9,"column":61}},"6":{"start":{"line":14,"column":18},"end":{"line":14,"column":42}},"7":{"start":{"line":16,"column":4},"end":{"line":23,"column":5}},"8":{"start":{"line":17,"column":24},"end":{"line":17,"column":65}},"9":{"start":{"line":18,"column":8},"end":{"line":18,"column":27}},"10":{"start":{"line":19,"column":8},"end":{"line":19,"column":15}},"11":{"start":{"line":22,"column":8},"end":{"line":22,"column":64}},"12":{"start":{"line":26,"column":0},"end":{"line":31,"column":2}},"13":{"start":{"line":27,"column":4},"end":{"line":28,"column":70}},"14":{"start":{"line":28,"column":8},"end":{"line":28,"column":70}},"15":{"start":{"line":30,"column":4},"end":{"line":30,"column":11}}},"fnMap":{"0":{"name":"(anonymous_0)","decl":{"start":{"line":4,"column":23},"end":{"line":4,"column":24}},"loc":{"start":{"line":4,"column":43},"end":{"line":24,"column":1}},"line":4},"1":{"name":"(anonymous_1)","decl":{"start":{"line":26,"column":18},"end":{"line":26,"column":19}},"loc":{"start":{"line":26,"column":38},"end":{"line":31,"column":1}},"line":26}},"branchMap":{"0":{"loc":{"start":{"line":7,"column":4},"end":{"line":11,"column":5}},"type":"if","locations":[{"start":{"line":7,"column":4},"end":{"line":11,"column":5}},{"start":{},"end":{}}],"line":7},"1":{"loc":{"start":{"line":7,"column":8},"end":{"line":7,"column":56}},"type":"binary-expr","locations":[{"start":{"line":7,"column":8},"end":{"line":7,"column":19}},{"start":{"line":7,"column":23},"end":{"line":7,"column":56}}],"line":7},"2":{"loc":{"start":{"line":27,"column":4},"end":{"line":28,"column":70}},"type":"if","locations":[{"start":{"line":27,"column":4},"end":{"line":28,"column":70}},{"start":{},"end":{}}],"line":27},"3":{"loc":{"start":{"line":27,"column":8},"end":{"line":27,"column":46}},"type":"binary-expr","locations":[{"start":{"line":27,"column":8},"end":{"line":27,"column":17}},{"start":{"line":27,"column":21},"end":{"line":27,"column":46}}],"line":27}},"s":{"0":4,"1":4,"2":4,"3":37,"4":37,"5":7,"6":30,"7":30,"8":30,"9":30,"10":30,"11":0,"12":4,"13":18,"14":4,"15":14},"f":{"0":37,"1":18},"b":{"0":[7,30],"1":[37,30],"2":[4,14],"3":[18,18]},"_coverageSchema":"1a1c01bbd47fc00a2c39e90264f33305004495a9","hash":"b63ec77a366bae26a0adb51db4b4a48d64209b9d"}
,"C:\\Users\\v.csaba\\Desktop\\Pz_Vcskitörölt (7)\\Pz_Vcskitörölt\\Pz_Vcs\\api\\middlewares\\cipoFilter.js": {"path":"C:\\Users\\v.csaba\\Desktop\\Pz_Vcskitörölt (7)\\Pz_Vcskitörölt\\Pz_Vcs\\api\\middlewares\\cipoFilter.js","statementMap":{"0":{"start":{"line":1,"column":20},"end":{"line":1,"column":40}},"1":{"start":{"line":3,"column":0},"end":{"line":55,"column":2}},"2":{"start":{"line":4,"column":53},"end":{"line":4,"column":62}},"3":{"start":{"line":6,"column":17},"end":{"line":6,"column":19}},"4":{"start":{"line":8,"column":2},"end":{"line":10,"column":3}},"5":{"start":{"line":9,"column":4},"end":{"line":9,"column":50}},"6":{"start":{"line":12,"column":2},"end":{"line":14,"column":3}},"7":{"start":{"line":13,"column":4},"end":{"line":13,"column":54}},"8":{"start":{"line":16,"column":2},"end":{"line":18,"column":3}},"9":{"start":{"line":17,"column":4},"end":{"line":17,"column":32}},"10":{"start":{"line":23,"column":2},"end":{"line":33,"column":3}},"11":{"start":{"line":25,"column":20},"end":{"line":27,"column":36}},"12":{"start":{"line":29,"column":4},"end":{"line":31,"column":6}},"13":{"start":{"line":37,"column":2},"end":{"line":42,"column":3}},"14":{"start":{"line":38,"column":14},"end":{"line":38,"column":27}},"15":{"start":{"line":39,"column":4},"end":{"line":41,"column":5}},"16":{"start":{"line":40,"column":6},"end":{"line":40,"column":56}},"17":{"start":{"line":44,"column":2},"end":{"line":49,"column":3}},"18":{"start":{"line":45,"column":14},"end":{"line":45,"column":27}},"19":{"start":{"line":46,"column":4},"end":{"line":48,"column":5}},"20":{"start":{"line":47,"column":6},"end":{"line":47,"column":56}},"21":{"start":{"line":52,"column":2},"end":{"line":52,"column":26}},"22":{"start":{"line":54,"column":2},"end":{"line":54,"column":9}}},"fnMap":{"0":{"name":"cipoFilter","decl":{"start":{"line":3,"column":26},"end":{"line":3,"column":36}},"loc":{"start":{"line":3,"column":53},"end":{"line":55,"column":1}},"line":3}},"branchMap":{"0":{"loc":{"start":{"line":8,"column":2},"end":{"line":10,"column":3}},"type":"if","locations":[{"start":{"line":8,"column":2},"end":{"line":10,"column":3}},{"start":{},"end":{}}],"line":8},"1":{"loc":{"start":{"line":8,"column":6},"end":{"line":8,"column":30}},"type":"binary-expr","locations":[{"start":{"line":8,"column":6},"end":{"line":8,"column":9}},{"start":{"line":8,"column":13},"end":{"line":8,"column":30}}],"line":8},"2":{"loc":{"start":{"line":12,"column":2},"end":{"line":14,"column":3}},"type":"if","locations":[{"start":{"line":12,"column":2},"end":{"line":14,"column":3}},{"start":{},"end":{}}],"line":12},"3":{"loc":{"start":{"line":12,"column":6},"end":{"line":12,"column":34}},"type":"binary-expr","locations":[{"start":{"line":12,"column":6},"end":{"line":12,"column":11}},{"start":{"line":12,"column":15},"end":{"line":12,"column":34}}],"line":12},"4":{"loc":{"start":{"line":16,"column":2},"end":{"line":18,"column":3}},"type":"if","locations":[{"start":{"line":16,"column":2},"end":{"line":18,"column":3}},{"start":{},"end":{}}],"line":16},"5":{"loc":{"start":{"line":16,"column":6},"end":{"line":16,"column":34}},"type":"binary-expr","locations":[{"start":{"line":16,"column":6},"end":{"line":16,"column":11}},{"start":{"line":16,"column":15},"end":{"line":16,"column":34}}],"line":16},"6":{"loc":{"start":{"line":23,"column":2},"end":{"line":33,"column":3}},"type":"if","locations":[{"start":{"line":23,"column":2},"end":{"line":33,"column":3}},{"start":{},"end":{}}],"line":23},"7":{"loc":{"start":{"line":25,"column":20},"end":{"line":27,"column":36}},"type":"cond-expr","locations":[{"start":{"line":26,"column":8},"end":{"line":26,"column":25}},{"start":{"line":27,"column":8},"end":{"line":27,"column":36}}],"line":25},"8":{"loc":{"start":{"line":37,"column":2},"end":{"line":42,"column":3}},"type":"if","locations":[{"start":{"line":37,"column":2},"end":{"line":42,"column":3}},{"start":{},"end":{}}],"line":37},"9":{"loc":{"start":{"line":37,"column":6},"end":{"line":37,"column":41}},"type":"binary-expr","locations":[{"start":{"line":37,"column":6},"end":{"line":37,"column":25}},{"start":{"line":37,"column":29},"end":{"line":37,"column":41}}],"line":37},"10":{"loc":{"start":{"line":39,"column":4},"end":{"line":41,"column":5}},"type":"if","locations":[{"start":{"line":39,"column":4},"end":{"line":41,"column":5}},{"start":{},"end":{}}],"line":39},"11":{"loc":{"start":{"line":40,"column":24},"end":{"line":40,"column":39}},"type":"binary-expr","locations":[{"start":{"line":40,"column":24},"end":{"line":40,"column":33}},{"start":{"line":40,"column":37},"end":{"line":40,"column":39}}],"line":40},"12":{"loc":{"start":{"line":44,"column":2},"end":{"line":49,"column":3}},"type":"if","locations":[{"start":{"line":44,"column":2},"end":{"line":49,"column":3}},{"start":{},"end":{}}],"line":44},"13":{"loc":{"start":{"line":44,"column":6},"end":{"line":44,"column":41}},"type":"binary-expr","locations":[{"start":{"line":44,"column":6},"end":{"line":44,"column":25}},{"start":{"line":44,"column":29},"end":{"line":44,"column":41}}],"line":44},"14":{"loc":{"start":{"line":46,"column":4},"end":{"line":48,"column":5}},"type":"if","locations":[{"start":{"line":46,"column":4},"end":{"line":48,"column":5}},{"start":{},"end":{}}],"line":46},"15":{"loc":{"start":{"line":47,"column":24},"end":{"line":47,"column":39}},"type":"binary-expr","locations":[{"start":{"line":47,"column":24},"end":{"line":47,"column":33}},{"start":{"line":47,"column":37},"end":{"line":47,"column":39}}],"line":47}},"s":{"0":4,"1":4,"2":1,"3":1,"4":1,"5":0,"6":1,"7":0,"8":1,"9":0,"10":1,"11":0,"12":0,"13":1,"14":0,"15":0,"16":0,"17":1,"18":0,"19":0,"20":0,"21":1,"22":1},"f":{"0":1},"b":{"0":[0,1],"1":[1,0],"2":[0,1],"3":[1,0],"4":[0,1],"5":[1,0],"6":[0,1],"7":[0,0],"8":[0,1],"9":[1,0],"10":[0,0],"11":[0,0],"12":[0,1],"13":[1,0],"14":[0,0],"15":[0,0]},"_coverageSchema":"1a1c01bbd47fc00a2c39e90264f33305004495a9","hash":"e3f83eaa3d681d410e0ea3b33eaeb471026a5166"}
,"C:\\Users\\v.csaba\\Desktop\\Pz_Vcskitörölt (7)\\Pz_Vcskitörölt\\Pz_Vcs\\api\\middlewares\\errorHandler.js": {"path":"C:\\Users\\v.csaba\\Desktop\\Pz_Vcskitörölt (7)\\Pz_Vcskitörölt\\Pz_Vcs\\api\\middlewares\\errorHandler.js","statementMap":{"0":{"start":{"line":1,"column":36},"end":{"line":1,"column":56}},"1":{"start":{"line":5,"column":4},"end":{"line":5,"column":30}},"2":{"start":{"line":10,"column":18},"end":{"line":10,"column":29}},"3":{"start":{"line":12,"column":4},"end":{"line":18,"column":5}},"4":{"start":{"line":14,"column":8},"end":{"line":17,"column":11}},"5":{"start":{"line":20,"column":4},"end":{"line":20,"column":24}},"6":{"start":{"line":22,"column":4},"end":{"line":27,"column":7}},"7":{"start":{"line":30,"column":0},"end":{"line":30,"column":41}}},"fnMap":{"0":{"name":"notFound","decl":{"start":{"line":3,"column":9},"end":{"line":3,"column":17}},"loc":{"start":{"line":4,"column":0},"end":{"line":6,"column":1}},"line":4},"1":{"name":"showError","decl":{"start":{"line":8,"column":9},"end":{"line":8,"column":18}},"loc":{"start":{"line":9,"column":0},"end":{"line":28,"column":1}},"line":9}},"branchMap":{"0":{"loc":{"start":{"line":12,"column":4},"end":{"line":18,"column":5}},"type":"if","locations":[{"start":{"line":12,"column":4},"end":{"line":18,"column":5}},{"start":{},"end":{}}],"line":12},"1":{"loc":{"start":{"line":26,"column":15},"end":{"line":26,"column":39}},"type":"binary-expr","locations":[{"start":{"line":26,"column":15},"end":{"line":26,"column":26}},{"start":{"line":26,"column":30},"end":{"line":26,"column":39}}],"line":26}},"s":{"0":4,"1":0,"2":21,"3":21,"4":0,"5":21,"6":21,"7":4},"f":{"0":0,"1":21},"b":{"0":[0,21],"1":[21,0]},"_coverageSchema":"1a1c01bbd47fc00a2c39e90264f33305004495a9","hash":"c7fbae4bb1de2d128e7bdf287467a204eb8ed7bf"}
,"C:\\Users\\v.csaba\\Desktop\\Pz_Vcskitörölt (7)\\Pz_Vcskitörölt\\Pz_Vcs\\api\\middlewares\\felhasznaloFilter.js": {"path":"C:\\Users\\v.csaba\\Desktop\\Pz_Vcskitörölt (7)\\Pz_Vcskitörölt\\Pz_Vcs\\api\\middlewares\\felhasznaloFilter.js","statementMap":{"0":{"start":{"line":1,"column":15},"end":{"line":1,"column":35}},"1":{"start":{"line":3,"column":0},"end":{"line":31,"column":2}},"2":{"start":{"line":4,"column":61},"end":{"line":4,"column":70}},"3":{"start":{"line":6,"column":17},"end":{"line":6,"column":19}},"4":{"start":{"line":9,"column":2},"end":{"line":11,"column":3}},"5":{"start":{"line":10,"column":4},"end":{"line":10,"column":54}},"6":{"start":{"line":14,"column":2},"end":{"line":16,"column":3}},"7":{"start":{"line":15,"column":4},"end":{"line":15,"column":72}},"8":{"start":{"line":19,"column":2},"end":{"line":21,"column":3}},"9":{"start":{"line":20,"column":4},"end":{"line":20,"column":62}},"10":{"start":{"line":24,"column":2},"end":{"line":27,"column":3}},"11":{"start":{"line":25,"column":14},"end":{"line":25,"column":34}},"12":{"start":{"line":26,"column":4},"end":{"line":26,"column":50}},"13":{"start":{"line":26,"column":26},"end":{"line":26,"column":50}},"14":{"start":{"line":29,"column":2},"end":{"line":29,"column":33}},"15":{"start":{"line":30,"column":2},"end":{"line":30,"column":9}}},"fnMap":{"0":{"name":"felhasznaloFilter","decl":{"start":{"line":3,"column":26},"end":{"line":3,"column":43}},"loc":{"start":{"line":3,"column":60},"end":{"line":31,"column":1}},"line":3}},"branchMap":{"0":{"loc":{"start":{"line":9,"column":2},"end":{"line":11,"column":3}},"type":"if","locations":[{"start":{"line":9,"column":2},"end":{"line":11,"column":3}},{"start":{},"end":{}}],"line":9},"1":{"loc":{"start":{"line":9,"column":6},"end":{"line":9,"column":34}},"type":"binary-expr","locations":[{"start":{"line":9,"column":6},"end":{"line":9,"column":11}},{"start":{"line":9,"column":15},"end":{"line":9,"column":34}}],"line":9},"2":{"loc":{"start":{"line":14,"column":2},"end":{"line":16,"column":3}},"type":"if","locations":[{"start":{"line":14,"column":2},"end":{"line":16,"column":3}},{"start":{},"end":{}}],"line":14},"3":{"loc":{"start":{"line":14,"column":6},"end":{"line":14,"column":52}},"type":"binary-expr","locations":[{"start":{"line":14,"column":6},"end":{"line":14,"column":20}},{"start":{"line":14,"column":24},"end":{"line":14,"column":52}}],"line":14},"4":{"loc":{"start":{"line":19,"column":2},"end":{"line":21,"column":3}},"type":"if","locations":[{"start":{"line":19,"column":2},"end":{"line":21,"column":3}},{"start":{},"end":{}}],"line":19},"5":{"loc":{"start":{"line":19,"column":6},"end":{"line":19,"column":42}},"type":"binary-expr","locations":[{"start":{"line":19,"column":6},"end":{"line":19,"column":15}},{"start":{"line":19,"column":19},"end":{"line":19,"column":42}}],"line":19},"6":{"loc":{"start":{"line":24,"column":2},"end":{"line":27,"column":3}},"type":"if","locations":[{"start":{"line":24,"column":2},"end":{"line":27,"column":3}},{"start":{},"end":{}}],"line":24},"7":{"loc":{"start":{"line":24,"column":6},"end":{"line":24,"column":55}},"type":"binary-expr","locations":[{"start":{"line":24,"column":6},"end":{"line":24,"column":32}},{"start":{"line":24,"column":36},"end":{"line":24,"column":55}}],"line":24},"8":{"loc":{"start":{"line":26,"column":4},"end":{"line":26,"column":50}},"type":"if","locations":[{"start":{"line":26,"column":4},"end":{"line":26,"column":50}},{"start":{},"end":{}}],"line":26}},"s":{"0":4,"1":4,"2":1,"3":1,"4":1,"5":0,"6":1,"7":0,"8":1,"9":0,"10":1,"11":0,"12":0,"13":0,"14":1,"15":1},"f":{"0":1},"b":{"0":[0,1],"1":[1,0],"2":[0,1],"3":[1,0],"4":[0,1],"5":[1,0],"6":[0,1],"7":[1,0],"8":[0,0]},"_coverageSchema":"1a1c01bbd47fc00a2c39e90264f33305004495a9","hash":"192abc96ea1d74b96a04192d5942b24300e72d5c"}
,"C:\\Users\\v.csaba\\Desktop\\Pz_Vcskitörölt (7)\\Pz_Vcskitörölt\\Pz_Vcs\\api\\middlewares\\rendelesFilter.js": {"path":"C:\\Users\\v.csaba\\Desktop\\Pz_Vcskitörölt (7)\\Pz_Vcskitörölt\\Pz_Vcs\\api\\middlewares\\rendelesFilter.js","statementMap":{"0":{"start":{"line":1,"column":15},"end":{"line":1,"column":35}},"1":{"start":{"line":3,"column":0},"end":{"line":47,"column":2}},"2":{"start":{"line":4,"column":82},"end":{"line":4,"column":91}},"3":{"start":{"line":6,"column":17},"end":{"line":6,"column":19}},"4":{"start":{"line":9,"column":2},"end":{"line":11,"column":3}},"5":{"start":{"line":10,"column":4},"end":{"line":10,"column":36}},"6":{"start":{"line":14,"column":2},"end":{"line":16,"column":3}},"7":{"start":{"line":15,"column":4},"end":{"line":15,"column":36}},"8":{"start":{"line":19,"column":2},"end":{"line":22,"column":3}},"9":{"start":{"line":20,"column":15},"end":{"line":20,"column":29}},"10":{"start":{"line":21,"column":4},"end":{"line":21,"column":47}},"11":{"start":{"line":21,"column":27},"end":{"line":21,"column":47}},"12":{"start":{"line":25,"column":2},"end":{"line":28,"column":3}},"13":{"start":{"line":26,"column":15},"end":{"line":26,"column":36}},"14":{"start":{"line":27,"column":4},"end":{"line":27,"column":54}},"15":{"start":{"line":27,"column":27},"end":{"line":27,"column":54}},"16":{"start":{"line":31,"column":2},"end":{"line":36,"column":3}},"17":{"start":{"line":32,"column":14},"end":{"line":32,"column":34}},"18":{"start":{"line":33,"column":4},"end":{"line":35,"column":5}},"19":{"start":{"line":34,"column":6},"end":{"line":34,"column":70}},"20":{"start":{"line":38,"column":2},"end":{"line":43,"column":3}},"21":{"start":{"line":39,"column":14},"end":{"line":39,"column":34}},"22":{"start":{"line":40,"column":4},"end":{"line":42,"column":5}},"23":{"start":{"line":41,"column":6},"end":{"line":41,"column":70}},"24":{"start":{"line":45,"column":2},"end":{"line":45,"column":30}},"25":{"start":{"line":46,"column":2},"end":{"line":46,"column":9}}},"fnMap":{"0":{"name":"rendelesFilter","decl":{"start":{"line":3,"column":26},"end":{"line":3,"column":40}},"loc":{"start":{"line":3,"column":57},"end":{"line":47,"column":1}},"line":3}},"branchMap":{"0":{"loc":{"start":{"line":9,"column":2},"end":{"line":11,"column":3}},"type":"if","locations":[{"start":{"line":9,"column":2},"end":{"line":11,"column":3}},{"start":{},"end":{}}],"line":9},"1":{"loc":{"start":{"line":9,"column":6},"end":{"line":9,"column":38}},"type":"binary-expr","locations":[{"start":{"line":9,"column":6},"end":{"line":9,"column":13}},{"start":{"line":9,"column":17},"end":{"line":9,"column":38}}],"line":9},"2":{"loc":{"start":{"line":14,"column":2},"end":{"line":16,"column":3}},"type":"if","locations":[{"start":{"line":14,"column":2},"end":{"line":16,"column":3}},{"start":{},"end":{}}],"line":14},"3":{"loc":{"start":{"line":14,"column":6},"end":{"line":14,"column":38}},"type":"binary-expr","locations":[{"start":{"line":14,"column":6},"end":{"line":14,"column":13}},{"start":{"line":14,"column":17},"end":{"line":14,"column":38}}],"line":14},"4":{"loc":{"start":{"line":19,"column":2},"end":{"line":22,"column":3}},"type":"if","locations":[{"start":{"line":19,"column":2},"end":{"line":22,"column":3}},{"start":{},"end":{}}],"line":19},"5":{"loc":{"start":{"line":19,"column":6},"end":{"line":19,"column":43}},"type":"binary-expr","locations":[{"start":{"line":19,"column":6},"end":{"line":19,"column":26}},{"start":{"line":19,"column":30},"end":{"line":19,"column":43}}],"line":19},"6":{"loc":{"start":{"line":21,"column":4},"end":{"line":21,"column":47}},"type":"if","locations":[{"start":{"line":21,"column":4},"end":{"line":21,"column":47}},{"start":{},"end":{}}],"line":21},"7":{"loc":{"start":{"line":25,"column":2},"end":{"line":28,"column":3}},"type":"if","locations":[{"start":{"line":25,"column":2},"end":{"line":28,"column":3}},{"start":{},"end":{}}],"line":25},"8":{"loc":{"start":{"line":25,"column":6},"end":{"line":25,"column":57}},"type":"binary-expr","locations":[{"start":{"line":25,"column":6},"end":{"line":25,"column":33}},{"start":{"line":25,"column":37},"end":{"line":25,"column":57}}],"line":25},"9":{"loc":{"start":{"line":27,"column":4},"end":{"line":27,"column":54}},"type":"if","locations":[{"start":{"line":27,"column":4},"end":{"line":27,"column":54}},{"start":{},"end":{}}],"line":27},"10":{"loc":{"start":{"line":31,"column":2},"end":{"line":36,"column":3}},"type":"if","locations":[{"start":{"line":31,"column":2},"end":{"line":36,"column":3}},{"start":{},"end":{}}],"line":31},"11":{"loc":{"start":{"line":31,"column":6},"end":{"line":31,"column":55}},"type":"binary-expr","locations":[{"start":{"line":31,"column":6},"end":{"line":31,"column":32}},{"start":{"line":31,"column":36},"end":{"line":31,"column":55}}],"line":31},"12":{"loc":{"start":{"line":33,"column":4},"end":{"line":35,"column":5}},"type":"if","locations":[{"start":{"line":33,"column":4},"end":{"line":35,"column":5}},{"start":{},"end":{}}],"line":33},"13":{"loc":{"start":{"line":34,"column":31},"end":{"line":34,"column":53}},"type":"binary-expr","locations":[{"start":{"line":34,"column":31},"end":{"line":34,"column":47}},{"start":{"line":34,"column":51},"end":{"line":34,"column":53}}],"line":34},"14":{"loc":{"start":{"line":38,"column":2},"end":{"line":43,"column":3}},"type":"if","locations":[{"start":{"line":38,"column":2},"end":{"line":43,"column":3}},{"start":{},"end":{}}],"line":38},"15":{"loc":{"start":{"line":38,"column":6},"end":{"line":38,"column":55}},"type":"binary-expr","locations":[{"start":{"line":38,"column":6},"end":{"line":38,"column":32}},{"start":{"line":38,"column":36},"end":{"line":38,"column":55}}],"line":38},"16":{"loc":{"start":{"line":40,"column":4},"end":{"line":42,"column":5}},"type":"if","locations":[{"start":{"line":40,"column":4},"end":{"line":42,"column":5}},{"start":{},"end":{}}],"line":40},"17":{"loc":{"start":{"line":41,"column":31},"end":{"line":41,"column":53}},"type":"binary-expr","locations":[{"start":{"line":41,"column":31},"end":{"line":41,"column":47}},{"start":{"line":41,"column":51},"end":{"line":41,"column":53}}],"line":41}},"s":{"0":4,"1":4,"2":1,"3":1,"4":1,"5":0,"6":1,"7":0,"8":1,"9":0,"10":0,"11":0,"12":1,"13":0,"14":0,"15":0,"16":1,"17":0,"18":0,"19":0,"20":1,"21":0,"22":0,"23":0,"24":1,"25":1},"f":{"0":1},"b":{"0":[0,1],"1":[1,0],"2":[0,1],"3":[1,0],"4":[0,1],"5":[1,0],"6":[0,0],"7":[0,1],"8":[1,0],"9":[0,0],"10":[0,1],"11":[1,0],"12":[0,0],"13":[0,0],"14":[0,1],"15":[1,0],"16":[0,0],"17":[0,0]},"_coverageSchema":"1a1c01bbd47fc00a2c39e90264f33305004495a9","hash":"6f4d09b39043710cdb4e0b2a8d84fe1a32169302"}
,"C:\\Users\\v.csaba\\Desktop\\Pz_Vcskitörölt (7)\\Pz_Vcskitörölt\\Pz_Vcs\\api\\middlewares\\transactionMiddleware.js": {"path":"C:\\Users\\v.csaba\\Desktop\\Pz_Vcskitörölt (7)\\Pz_Vcskitörölt\\Pz_Vcs\\api\\middlewares\\transactionMiddleware.js","statementMap":{"0":{"start":{"line":1,"column":11},"end":{"line":1,"column":27}},"1":{"start":{"line":3,"column":0},"end":{"line":29,"column":1}},"2":{"start":{"line":4,"column":4},"end":{"line":26,"column":5}},"3":{"start":{"line":5,"column":18},"end":{"line":5,"column":50}},"4":{"start":{"line":7,"column":35},"end":{"line":20,"column":9}},"5":{"start":{"line":8,"column":12},"end":{"line":8,"column":41}},"6":{"start":{"line":8,"column":34},"end":{"line":8,"column":41}},"7":{"start":{"line":10,"column":12},"end":{"line":17,"column":25}},"8":{"start":{"line":12,"column":16},"end":{"line":16,"column":17}},"9":{"start":{"line":13,"column":20},"end":{"line":13,"column":51}},"10":{"start":{"line":15,"column":20},"end":{"line":15,"column":53}},"11":{"start":{"line":19,"column":12},"end":{"line":19,"column":40}},"12":{"start":{"line":22,"column":8},"end":{"line":22,"column":45}},"13":{"start":{"line":23,"column":8},"end":{"line":23,"column":44}},"14":{"start":{"line":25,"column":8},"end":{"line":25,"column":28}},"15":{"start":{"line":28,"column":4},"end":{"line":28,"column":11}}},"fnMap":{"0":{"name":"(anonymous_0)","decl":{"start":{"line":3,"column":28},"end":{"line":3,"column":29}},"loc":{"start":{"line":3,"column":54},"end":{"line":29,"column":1}},"line":3},"1":{"name":"(anonymous_1)","decl":{"start":{"line":7,"column":35},"end":{"line":7,"column":36}},"loc":{"start":{"line":7,"column":47},"end":{"line":20,"column":9}},"line":7}},"branchMap":{"0":{"loc":{"start":{"line":4,"column":4},"end":{"line":26,"column":5}},"type":"if","locations":[{"start":{"line":4,"column":4},"end":{"line":26,"column":5}},{"start":{},"end":{}}],"line":4},"1":{"loc":{"start":{"line":4,"column":7},"end":{"line":4,"column":83}},"type":"binary-expr","locations":[{"start":{"line":4,"column":7},"end":{"line":4,"column":38}},{"start":{"line":4,"column":42},"end":{"line":4,"column":83}}],"line":4},"2":{"loc":{"start":{"line":8,"column":12},"end":{"line":8,"column":41}},"type":"if","locations":[{"start":{"line":8,"column":12},"end":{"line":8,"column":41}},{"start":{},"end":{}}],"line":8},"3":{"loc":{"start":{"line":12,"column":16},"end":{"line":16,"column":17}},"type":"if","locations":[{"start":{"line":12,"column":16},"end":{"line":16,"column":17}},{"start":{"line":14,"column":23},"end":{"line":16,"column":17}}],"line":12},"4":{"loc":{"start":{"line":12,"column":20},"end":{"line":12,"column":65}},"type":"binary-expr","locations":[{"start":{"line":12,"column":20},"end":{"line":12,"column":41}},{"start":{"line":12,"column":45},"end":{"line":12,"column":65}}],"line":12}},"s":{"0":4,"1":4,"2":54,"3":54,"4":54,"5":108,"6":0,"7":108,"8":108,"9":66,"10":42,"11":108,"12":54,"13":54,"14":54,"15":54},"f":{"0":54,"1":108},"b":{"0":[54,0],"1":[54,0],"2":[0,108],"3":[66,42],"4":[108,108]},"_coverageSchema":"1a1c01bbd47fc00a2c39e90264f33305004495a9","hash":"49aa92a62654252cf29df251992779c429bc8d2f"}
,"C:\\Users\\v.csaba\\Desktop\\Pz_Vcskitörölt (7)\\Pz_Vcskitörölt\\Pz_Vcs\\api\\models\\CipoKep.js": {"path":"C:\\Users\\v.csaba\\Desktop\\Pz_Vcskitörölt (7)\\Pz_Vcskitörölt\\Pz_Vcs\\api\\models\\CipoKep.js","statementMap":{"0":{"start":{"line":1,"column":18},"end":{"line":1,"column":38}},"1":{"start":{"line":3,"column":0},"end":{"line":34,"column":1}},"2":{"start":{"line":7,"column":2},"end":{"line":31,"column":4}},"3":{"start":{"line":33,"column":2},"end":{"line":33,"column":16}}},"fnMap":{"0":{"name":"(anonymous_0)","decl":{"start":{"line":3,"column":17},"end":{"line":3,"column":18}},"loc":{"start":{"line":3,"column":43},"end":{"line":34,"column":1}},"line":3}},"branchMap":{},"s":{"0":4,"1":4,"2":4,"3":4},"f":{"0":4},"b":{},"_coverageSchema":"1a1c01bbd47fc00a2c39e90264f33305004495a9","hash":"2c2da4aa737c7aaa8d57ccfae4d24fe654a31ec0"}
,"C:\\Users\\v.csaba\\Desktop\\Pz_Vcskitörölt (7)\\Pz_Vcskitörölt\\Pz_Vcs\\api\\models\\CipoMeret.js": {"path":"C:\\Users\\v.csaba\\Desktop\\Pz_Vcskitörölt (7)\\Pz_Vcskitörölt\\Pz_Vcs\\api\\models\\CipoMeret.js","statementMap":{"0":{"start":{"line":1,"column":26},"end":{"line":1,"column":46}},"1":{"start":{"line":3,"column":0},"end":{"line":35,"column":1}},"2":{"start":{"line":7,"column":2},"end":{"line":32,"column":4}},"3":{"start":{"line":34,"column":2},"end":{"line":34,"column":18}}},"fnMap":{"0":{"name":"(anonymous_0)","decl":{"start":{"line":3,"column":17},"end":{"line":3,"column":18}},"loc":{"start":{"line":3,"column":41},"end":{"line":35,"column":1}},"line":3}},"branchMap":{},"s":{"0":4,"1":4,"2":4,"3":4},"f":{"0":4},"b":{},"_coverageSchema":"1a1c01bbd47fc00a2c39e90264f33305004495a9","hash":"fc59bca4e9a8ac1b3373ce37aa41933e684786fa"}
,"C:\\Users\\v.csaba\\Desktop\\Pz_Vcskitörölt (7)\\Pz_Vcskitörölt\\Pz_Vcs\\api\\models\\admin.js": {"path":"C:\\Users\\v.csaba\\Desktop\\Pz_Vcskitörölt (7)\\Pz_Vcskitörölt\\Pz_Vcs\\api\\models\\admin.js","statementMap":{"0":{"start":{"line":1,"column":16},"end":{"line":1,"column":36}},"1":{"start":{"line":3,"column":0},"end":{"line":36,"column":1}},"2":{"start":{"line":5,"column":4},"end":{"line":34,"column":5}},"3":{"start":{"line":35,"column":4},"end":{"line":35,"column":16}}},"fnMap":{"0":{"name":"(anonymous_0)","decl":{"start":{"line":3,"column":17},"end":{"line":3,"column":18}},"loc":{"start":{"line":3,"column":42},"end":{"line":36,"column":1}},"line":3}},"branchMap":{},"s":{"0":4,"1":4,"2":4,"3":4},"f":{"0":4},"b":{},"_coverageSchema":"1a1c01bbd47fc00a2c39e90264f33305004495a9","hash":"dadd5ee922a3286ecf4bfde47d3db8ad53317ae3"}
,"C:\\Users\\v.csaba\\Desktop\\Pz_Vcskitörölt (7)\\Pz_Vcskitörölt\\Pz_Vcs\\api\\models\\cipo.js": {"path":"C:\\Users\\v.csaba\\Desktop\\Pz_Vcskitörölt (7)\\Pz_Vcskitörölt\\Pz_Vcs\\api\\models\\cipo.js","statementMap":{"0":{"start":{"line":1,"column":26},"end":{"line":1,"column":47}},"1":{"start":{"line":3,"column":0},"end":{"line":45,"column":1}},"2":{"start":{"line":6,"column":4},"end":{"line":43,"column":6}},"3":{"start":{"line":44,"column":4},"end":{"line":44,"column":15}}},"fnMap":{"0":{"name":"(anonymous_0)","decl":{"start":{"line":3,"column":17},"end":{"line":3,"column":18}},"loc":{"start":{"line":3,"column":42},"end":{"line":45,"column":1}},"line":3}},"branchMap":{},"s":{"0":4,"1":4,"2":4,"3":4},"f":{"0":4},"b":{},"_coverageSchema":"1a1c01bbd47fc00a2c39e90264f33305004495a9","hash":"abe920d61bb6c660e14b7d1383a17312c45fa2d0"}
,"C:\\Users\\v.csaba\\Desktop\\Pz_Vcskitörölt (7)\\Pz_Vcskitörölt\\Pz_Vcs\\api\\models\\felhasznalo.js": {"path":"C:\\Users\\v.csaba\\Desktop\\Pz_Vcskitörölt (7)\\Pz_Vcskitörölt\\Pz_Vcs\\api\\models\\felhasznalo.js","statementMap":{"0":{"start":{"line":1,"column":26},"end":{"line":1,"column":46}},"1":{"start":{"line":3,"column":0},"end":{"line":65,"column":1}},"2":{"start":{"line":7,"column":4},"end":{"line":62,"column":5}},"3":{"start":{"line":63,"column":4},"end":{"line":63,"column":22}}},"fnMap":{"0":{"name":"(anonymous_0)","decl":{"start":{"line":3,"column":17},"end":{"line":3,"column":18}},"loc":{"start":{"line":3,"column":41},"end":{"line":65,"column":1}},"line":3}},"branchMap":{},"s":{"0":4,"1":4,"2":4,"3":4},"f":{"0":4},"b":{},"_coverageSchema":"1a1c01bbd47fc00a2c39e90264f33305004495a9","hash":"ce4a4919d82ad38a74a2994f44d6543a526c926f"}
,"C:\\Users\\v.csaba\\Desktop\\Pz_Vcskitörölt (7)\\Pz_Vcskitörölt\\Pz_Vcs\\api\\models\\index.js": {"path":"C:\\Users\\v.csaba\\Desktop\\Pz_Vcskitörölt (7)\\Pz_Vcskitörölt\\Pz_Vcs\\api\\models\\index.js","statementMap":{"0":{"start":{"line":1,"column":21},"end":{"line":1,"column":41}},"1":{"start":{"line":5,"column":0},"end":{"line":45,"column":1}},"2":{"start":{"line":6,"column":17},"end":{"line":6,"column":56}},"3":{"start":{"line":7,"column":24},"end":{"line":7,"column":69}},"4":{"start":{"line":8,"column":21},"end":{"line":8,"column":63}},"5":{"start":{"line":9,"column":18},"end":{"line":9,"column":58}},"6":{"start":{"line":10,"column":22},"end":{"line":10,"column":65}},"7":{"start":{"line":11,"column":20},"end":{"line":11,"column":61}},"8":{"start":{"line":13,"column":4},"end":{"line":15,"column":7}},"9":{"start":{"line":16,"column":4},"end":{"line":19,"column":6}},"10":{"start":{"line":20,"column":4},"end":{"line":22,"column":6}},"11":{"start":{"line":23,"column":4},"end":{"line":25,"column":6}},"12":{"start":{"line":26,"column":4},"end":{"line":29,"column":8}},"13":{"start":{"line":31,"column":6},"end":{"line":33,"column":8}},"14":{"start":{"line":34,"column":6},"end":{"line":37,"column":8}},"15":{"start":{"line":39,"column":6},"end":{"line":41,"column":8}},"16":{"start":{"line":44,"column":4},"end":{"line":44,"column":67}}},"fnMap":{"0":{"name":"(anonymous_0)","decl":{"start":{"line":5,"column":17},"end":{"line":5,"column":18}},"loc":{"start":{"line":5,"column":31},"end":{"line":45,"column":1}},"line":5}},"branchMap":{},"s":{"0":4,"1":4,"2":4,"3":4,"4":4,"5":4,"6":4,"7":4,"8":4,"9":4,"10":4,"11":4,"12":4,"13":4,"14":4,"15":4,"16":4},"f":{"0":4},"b":{},"_coverageSchema":"1a1c01bbd47fc00a2c39e90264f33305004495a9","hash":"138572c8fd491f3c4059fca6d7e4cc14fa90cb47"}
,"C:\\Users\\v.csaba\\Desktop\\Pz_Vcskitörölt (7)\\Pz_Vcskitörölt\\Pz_Vcs\\api\\models\\rendeles.js": {"path":"C:\\Users\\v.csaba\\Desktop\\Pz_Vcskitörölt (7)\\Pz_Vcskitörölt\\Pz_Vcs\\api\\models\\rendeles.js","statementMap":{"0":{"start":{"line":1,"column":16},"end":{"line":1,"column":36}},"1":{"start":{"line":3,"column":0},"end":{"line":61,"column":1}},"2":{"start":{"line":6,"column":4},"end":{"line":59,"column":5}},"3":{"start":{"line":60,"column":4},"end":{"line":60,"column":19}}},"fnMap":{"0":{"name":"(anonymous_0)","decl":{"start":{"line":3,"column":17},"end":{"line":3,"column":18}},"loc":{"start":{"line":3,"column":42},"end":{"line":61,"column":1}},"line":3}},"branchMap":{},"s":{"0":4,"1":4,"2":4,"3":4},"f":{"0":4},"b":{},"_coverageSchema":"1a1c01bbd47fc00a2c39e90264f33305004495a9","hash":"4ee83325fc4452db2506854d368e0c7c70fb7d23"}
,"C:\\Users\\v.csaba\\Desktop\\Pz_Vcskitörölt (7)\\Pz_Vcskitörölt\\Pz_Vcs\\api\\repositories\\adminRepository.js": {"path":"C:\\Users\\v.csaba\\Desktop\\Pz_Vcskitörölt (7)\\Pz_Vcskitörölt\\Pz_Vcs\\api\\repositories\\adminRepository.js","statementMap":{"0":{"start":{"line":1,"column":20},"end":{"line":1,"column":40}},"1":{"start":{"line":5,"column":8},"end":{"line":5,"column":30}},"2":{"start":{"line":9,"column":8},"end":{"line":19,"column":9}},"3":{"start":{"line":10,"column":12},"end":{"line":13,"column":15}},"4":{"start":{"line":15,"column":12},"end":{"line":18,"column":15}},"5":{"start":{"line":23,"column":8},"end":{"line":31,"column":9}},"6":{"start":{"line":24,"column":12},"end":{"line":26,"column":15}},"7":{"start":{"line":28,"column":12},"end":{"line":30,"column":15}},"8":{"start":{"line":35,"column":8},"end":{"line":44,"column":9}},"9":{"start":{"line":36,"column":12},"end":{"line":38,"column":15}},"10":{"start":{"line":40,"column":12},"end":{"line":43,"column":15}},"11":{"start":{"line":48,"column":8},"end":{"line":57,"column":9}},"12":{"start":{"line":49,"column":12},"end":{"line":51,"column":15}},"13":{"start":{"line":53,"column":12},"end":{"line":56,"column":15}},"14":{"start":{"line":61,"column":8},"end":{"line":71,"column":9}},"15":{"start":{"line":62,"column":12},"end":{"line":65,"column":15}},"16":{"start":{"line":67,"column":12},"end":{"line":70,"column":15}},"17":{"start":{"line":75,"column":8},"end":{"line":85,"column":9}},"18":{"start":{"line":76,"column":12},"end":{"line":79,"column":15}},"19":{"start":{"line":81,"column":12},"end":{"line":84,"column":15}},"20":{"start":{"line":89,"column":0},"end":{"line":89,"column":33}}},"fnMap":{"0":{"name":"(anonymous_0)","decl":{"start":{"line":4,"column":4},"end":{"line":4,"column":5}},"loc":{"start":{"line":4,"column":20},"end":{"line":6,"column":5}},"line":4},"1":{"name":"(anonymous_1)","decl":{"start":{"line":8,"column":4},"end":{"line":8,"column":5}},"loc":{"start":{"line":8,"column":42},"end":{"line":20,"column":5}},"line":8},"2":{"name":"(anonymous_2)","decl":{"start":{"line":22,"column":4},"end":{"line":22,"column":5}},"loc":{"start":{"line":22,"column":31},"end":{"line":32,"column":5}},"line":22},"3":{"name":"(anonymous_3)","decl":{"start":{"line":34,"column":4},"end":{"line":34,"column":5}},"loc":{"start":{"line":34,"column":36},"end":{"line":45,"column":5}},"line":34},"4":{"name":"(anonymous_4)","decl":{"start":{"line":47,"column":4},"end":{"line":47,"column":5}},"loc":{"start":{"line":47,"column":37},"end":{"line":58,"column":5}},"line":47},"5":{"name":"(anonymous_5)","decl":{"start":{"line":60,"column":4},"end":{"line":60,"column":5}},"loc":{"start":{"line":60,"column":41},"end":{"line":72,"column":5}},"line":60},"6":{"name":"(anonymous_6)","decl":{"start":{"line":74,"column":4},"end":{"line":74,"column":5}},"loc":{"start":{"line":74,"column":35},"end":{"line":86,"column":5}},"line":74}},"branchMap":{"0":{"loc":{"start":{"line":8,"column":28},"end":{"line":8,"column":40}},"type":"default-arg","locations":[{"start":{"line":8,"column":38},"end":{"line":8,"column":40}}],"line":8},"1":{"loc":{"start":{"line":22,"column":17},"end":{"line":22,"column":29}},"type":"default-arg","locations":[{"start":{"line":22,"column":27},"end":{"line":22,"column":29}}],"line":22},"2":{"loc":{"start":{"line":34,"column":22},"end":{"line":34,"column":34}},"type":"default-arg","locations":[{"start":{"line":34,"column":32},"end":{"line":34,"column":34}}],"line":34},"3":{"loc":{"start":{"line":47,"column":23},"end":{"line":47,"column":35}},"type":"default-arg","locations":[{"start":{"line":47,"column":33},"end":{"line":47,"column":35}}],"line":47},"4":{"loc":{"start":{"line":60,"column":27},"end":{"line":60,"column":39}},"type":"default-arg","locations":[{"start":{"line":60,"column":37},"end":{"line":60,"column":39}}],"line":60},"5":{"loc":{"start":{"line":74,"column":21},"end":{"line":74,"column":33}},"type":"default-arg","locations":[{"start":{"line":74,"column":31},"end":{"line":74,"column":33}}],"line":74}},"s":{"0":4,"1":64,"2":7,"3":7,"4":0,"5":1,"6":1,"7":0,"8":4,"9":4,"10":0,"11":1,"12":1,"13":0,"14":1,"15":1,"16":0,"17":1,"18":1,"19":0,"20":4},"f":{"0":64,"1":7,"2":1,"3":4,"4":1,"5":1,"6":1},"b":{"0":[7],"1":[0],"2":[0],"3":[0],"4":[0],"5":[0]},"_coverageSchema":"1a1c01bbd47fc00a2c39e90264f33305004495a9","hash":"42181955f5436c0bebda576801a414f270a2ef5c"}
,"C:\\Users\\v.csaba\\Desktop\\Pz_Vcskitörölt (7)\\Pz_Vcskitörölt\\Pz_Vcs\\api\\repositories\\cipoRepository.js": {"path":"C:\\Users\\v.csaba\\Desktop\\Pz_Vcskitörölt (7)\\Pz_Vcskitörölt\\Pz_Vcs\\api\\repositories\\cipoRepository.js","statementMap":{"0":{"start":{"line":1,"column":20},"end":{"line":1,"column":40}},"1":{"start":{"line":5,"column":8},"end":{"line":5,"column":28}},"2":{"start":{"line":6,"column":8},"end":{"line":6,"column":38}},"3":{"start":{"line":7,"column":8},"end":{"line":7,"column":33}},"4":{"start":{"line":12,"column":8},"end":{"line":38,"column":9}},"5":{"start":{"line":13,"column":12},"end":{"line":33,"column":15}},"6":{"start":{"line":35,"column":12},"end":{"line":37,"column":15}},"7":{"start":{"line":42,"column":8},"end":{"line":63,"column":9}},"8":{"start":{"line":43,"column":12},"end":{"line":57,"column":14}},"9":{"start":{"line":59,"column":12},"end":{"line":62,"column":15}},"10":{"start":{"line":66,"column":8},"end":{"line":75,"column":9}},"11":{"start":{"line":67,"column":12},"end":{"line":69,"column":15}},"12":{"start":{"line":71,"column":12},"end":{"line":74,"column":15}},"13":{"start":{"line":78,"column":8},"end":{"line":87,"column":9}},"14":{"start":{"line":79,"column":12},"end":{"line":81,"column":15}},"15":{"start":{"line":83,"column":12},"end":{"line":86,"column":15}},"16":{"start":{"line":90,"column":8},"end":{"line":99,"column":9}},"17":{"start":{"line":91,"column":12},"end":{"line":93,"column":15}},"18":{"start":{"line":95,"column":12},"end":{"line":98,"column":15}},"19":{"start":{"line":103,"column":8},"end":{"line":113,"column":9}},"20":{"start":{"line":104,"column":12},"end":{"line":107,"column":15}},"21":{"start":{"line":109,"column":12},"end":{"line":112,"column":15}},"22":{"start":{"line":117,"column":8},"end":{"line":127,"column":9}},"23":{"start":{"line":118,"column":12},"end":{"line":121,"column":15}},"24":{"start":{"line":123,"column":12},"end":{"line":126,"column":15}},"25":{"start":{"line":131,"column":0},"end":{"line":131,"column":32}}},"fnMap":{"0":{"name":"(anonymous_0)","decl":{"start":{"line":4,"column":4},"end":{"line":4,"column":5}},"loc":{"start":{"line":4,"column":20},"end":{"line":9,"column":5}},"line":4},"1":{"name":"(anonymous_1)","decl":{"start":{"line":11,"column":4},"end":{"line":11,"column":5}},"loc":{"start":{"line":11,"column":44},"end":{"line":39,"column":5}},"line":11},"2":{"name":"(anonymous_2)","decl":{"start":{"line":41,"column":4},"end":{"line":41,"column":5}},"loc":{"start":{"line":41,"column":36},"end":{"line":64,"column":5}},"line":41},"3":{"name":"(anonymous_3)","decl":{"start":{"line":65,"column":4},"end":{"line":65,"column":5}},"loc":{"start":{"line":65,"column":48},"end":{"line":76,"column":5}},"line":65},"4":{"name":"(anonymous_4)","decl":{"start":{"line":77,"column":4},"end":{"line":77,"column":5}},"loc":{"start":{"line":77,"column":46},"end":{"line":88,"column":5}},"line":77},"5":{"name":"(anonymous_5)","decl":{"start":{"line":89,"column":4},"end":{"line":89,"column":5}},"loc":{"start":{"line":89,"column":37},"end":{"line":100,"column":5}},"line":89},"6":{"name":"(anonymous_6)","decl":{"start":{"line":102,"column":4},"end":{"line":102,"column":5}},"loc":{"start":{"line":102,"column":41},"end":{"line":114,"column":5}},"line":102},"7":{"name":"(anonymous_7)","decl":{"start":{"line":116,"column":4},"end":{"line":116,"column":5}},"loc":{"start":{"line":116,"column":35},"end":{"line":128,"column":5}},"line":116}},"branchMap":{"0":{"loc":{"start":{"line":11,"column":17},"end":{"line":11,"column":28}},"type":"default-arg","locations":[{"start":{"line":11,"column":26},"end":{"line":11,"column":28}}],"line":11},"1":{"loc":{"start":{"line":11,"column":30},"end":{"line":11,"column":42}},"type":"default-arg","locations":[{"start":{"line":11,"column":40},"end":{"line":11,"column":42}}],"line":11},"2":{"loc":{"start":{"line":41,"column":22},"end":{"line":41,"column":34}},"type":"default-arg","locations":[{"start":{"line":41,"column":32},"end":{"line":41,"column":34}}],"line":41},"3":{"loc":{"start":{"line":65,"column":34},"end":{"line":65,"column":46}},"type":"default-arg","locations":[{"start":{"line":65,"column":44},"end":{"line":65,"column":46}}],"line":65},"4":{"loc":{"start":{"line":77,"column":32},"end":{"line":77,"column":44}},"type":"default-arg","locations":[{"start":{"line":77,"column":42},"end":{"line":77,"column":44}}],"line":77},"5":{"loc":{"start":{"line":89,"column":23},"end":{"line":89,"column":35}},"type":"default-arg","locations":[{"start":{"line":89,"column":33},"end":{"line":89,"column":35}}],"line":89},"6":{"loc":{"start":{"line":102,"column":27},"end":{"line":102,"column":39}},"type":"default-arg","locations":[{"start":{"line":102,"column":37},"end":{"line":102,"column":39}}],"line":102},"7":{"loc":{"start":{"line":116,"column":21},"end":{"line":116,"column":33}},"type":"default-arg","locations":[{"start":{"line":116,"column":31},"end":{"line":116,"column":33}}],"line":116}},"s":{"0":4,"1":64,"2":64,"3":64,"4":1,"5":1,"6":0,"7":6,"8":6,"9":0,"10":0,"11":0,"12":0,"13":0,"14":0,"15":0,"16":1,"17":1,"18":0,"19":1,"20":1,"21":0,"22":1,"23":1,"24":0,"25":4},"f":{"0":64,"1":1,"2":6,"3":0,"4":0,"5":1,"6":1,"7":1},"b":{"0":[0],"1":[0],"2":[0],"3":[0],"4":[0],"5":[0],"6":[0],"7":[0]},"_coverageSchema":"1a1c01bbd47fc00a2c39e90264f33305004495a9","hash":"d5976e7bb84cb141fac8af490f620140ecfeac5d"}
,"C:\\Users\\v.csaba\\Desktop\\Pz_Vcskitörölt (7)\\Pz_Vcskitörölt\\Pz_Vcs\\api\\repositories\\felhasznaloRepository.js": {"path":"C:\\Users\\v.csaba\\Desktop\\Pz_Vcskitörölt (7)\\Pz_Vcskitörölt\\Pz_Vcs\\api\\repositories\\felhasznaloRepository.js","statementMap":{"0":{"start":{"line":1,"column":20},"end":{"line":1,"column":40}},"1":{"start":{"line":5,"column":8},"end":{"line":5,"column":42}},"2":{"start":{"line":9,"column":8},"end":{"line":19,"column":9}},"3":{"start":{"line":10,"column":12},"end":{"line":13,"column":15}},"4":{"start":{"line":15,"column":12},"end":{"line":18,"column":15}},"5":{"start":{"line":23,"column":8},"end":{"line":33,"column":9}},"6":{"start":{"line":24,"column":12},"end":{"line":27,"column":15}},"7":{"start":{"line":29,"column":12},"end":{"line":32,"column":15}},"8":{"start":{"line":37,"column":8},"end":{"line":46,"column":9}},"9":{"start":{"line":38,"column":12},"end":{"line":41,"column":15}},"10":{"start":{"line":43,"column":12},"end":{"line":45,"column":15}},"11":{"start":{"line":50,"column":8},"end":{"line":59,"column":9}},"12":{"start":{"line":51,"column":12},"end":{"line":53,"column":15}},"13":{"start":{"line":55,"column":12},"end":{"line":58,"column":15}},"14":{"start":{"line":63,"column":8},"end":{"line":72,"column":9}},"15":{"start":{"line":64,"column":12},"end":{"line":66,"column":15}},"16":{"start":{"line":68,"column":12},"end":{"line":71,"column":15}},"17":{"start":{"line":76,"column":8},"end":{"line":86,"column":9}},"18":{"start":{"line":77,"column":12},"end":{"line":80,"column":15}},"19":{"start":{"line":82,"column":12},"end":{"line":85,"column":15}},"20":{"start":{"line":90,"column":8},"end":{"line":100,"column":9}},"21":{"start":{"line":91,"column":12},"end":{"line":94,"column":15}},"22":{"start":{"line":96,"column":12},"end":{"line":99,"column":15}},"23":{"start":{"line":104,"column":0},"end":{"line":104,"column":39}}},"fnMap":{"0":{"name":"(anonymous_0)","decl":{"start":{"line":4,"column":4},"end":{"line":4,"column":5}},"loc":{"start":{"line":4,"column":20},"end":{"line":6,"column":5}},"line":4},"1":{"name":"(anonymous_1)","decl":{"start":{"line":8,"column":4},"end":{"line":8,"column":5}},"loc":{"start":{"line":8,"column":42},"end":{"line":20,"column":5}},"line":8},"2":{"name":"(anonymous_2)","decl":{"start":{"line":22,"column":4},"end":{"line":22,"column":5}},"loc":{"start":{"line":22,"column":54},"end":{"line":34,"column":5}},"line":22},"3":{"name":"(anonymous_3)","decl":{"start":{"line":36,"column":4},"end":{"line":36,"column":5}},"loc":{"start":{"line":36,"column":44},"end":{"line":47,"column":5}},"line"
[...]
lumn":5}},"loc":{"start":{"line":9,"column":20},"end":{"line":11,"column":5}},"line":9},"1":{"name":"(anonymous_1)","decl":{"start":{"line":14,"column":4},"end":{"line":14,"column":5}},"loc":{"start":{"line":14,"column":31},"end":{"line":39,"column":5}},"line":14},"2":{"name":"(anonymous_2)","decl":{"start":{"line":41,"column":4},"end":{"line":41,"column":5}},"loc":{"start":{"line":41,"column":53},"end":{"line":43,"column":5}},"line":41},"3":{"name":"(anonymous_3)","decl":{"start":{"line":45,"column":4},"end":{"line":45,"column":5}},"loc":{"start":{"line":45,"column":43},"end":{"line":57,"column":5}},"line":45},"4":{"name":"(anonymous_4)","decl":{"start":{"line":59,"column":4},"end":{"line":59,"column":5}},"loc":{"start":{"line":59,"column":52},"end":{"line":93,"column":5}},"line":59},"5":{"name":"(anonymous_5)","decl":{"start":{"line":95,"column":4},"end":{"line":95,"column":5}},"loc":{"start":{"line":95,"column":54},"end":{"line":107,"column":5}},"line":95},"6":{"name":"(anonymous_6)","decl":{"start":{"line":109,"column":4},"end":{"line":109,"column":5}},"loc":{"start":{"line":109,"column":46},"end":{"line":118,"column":5}},"line":109}},"branchMap":{"0":{"loc":{"start":{"line":15,"column":8},"end":{"line":16,"column":66}},"type":"if","locations":[{"start":{"line":15,"column":8},"end":{"line":16,"column":66}},{"start":{},"end":{}}],"line":15},"1":{"loc":{"start":{"line":15,"column":12},"end":{"line":15,"column":29}},"type":"binary-expr","locations":[{"start":{"line":15,"column":12},"end":{"line":15,"column":18}},{"start":{"line":15,"column":22},"end":{"line":15,"column":29}}],"line":15},"2":{"loc":{"start":{"line":20,"column":8},"end":{"line":21,"column":65}},"type":"if","locations":[{"start":{"line":20,"column":8},"end":{"line":21,"column":65}},{"start":{},"end":{}}],"line":20},"3":{"loc":{"start":{"line":24,"column":8},"end":{"line":25,"column":54}},"type":"if","locations":[{"start":{"line":24,"column":8},"end":{"line":25,"column":54}},{"start":{},"end":{}}],"line":24},"4":{"loc":{"start":{"line":41,"column":26},"end":{"line":41,"column":37}},"type":"default-arg","locations":[{"start":{"line":41,"column":35},"end":{"line":41,"column":37}}],"line":41},"5":{"loc":{"start":{"line":41,"column":39},"end":{"line":41,"column":51}},"type":"default-arg","locations":[{"start":{"line":41,"column":49},"end":{"line":41,"column":51}}],"line":41},"6":{"loc":{"start":{"line":45,"column":29},"end":{"line":45,"column":41}},"type":"default-arg","locations":[{"start":{"line":45,"column":39},"end":{"line":45,"column":41}}],"line":45},"7":{"loc":{"start":{"line":46,"column":8},"end":{"line":47,"column":85}},"type":"if","locations":[{"start":{"line":46,"column":8},"end":{"line":47,"column":85}},{"start":{},"end":{}}],"line":46},"8":{"loc":{"start":{"line":51,"column":8},"end":{"line":54,"column":15}},"type":"if","locations":[{"start":{"line":51,"column":8},"end":{"line":54,"column":15}},{"start":{},"end":{}}],"line":51},"9":{"loc":{"start":{"line":59,"column":38},"end":{"line":59,"column":50}},"type":"default-arg","locations":[{"start":{"line":59,"column":48},"end":{"line":59,"column":50}}],"line":59},"10":{"loc":{"start":{"line":60,"column":8},"end":{"line":61,"column":89}},"type":"if","locations":[{"start":{"line":60,"column":8},"end":{"line":61,"column":89}},{"start":{},"end":{}}],"line":60},"11":{"loc":{"start":{"line":63,"column":8},"end":{"line":64,"column":83}},"type":"if","locations":[{"start":{"line":63,"column":8},"end":{"line":64,"column":83}},{"start":{},"end":{}}],"line":63},"12":{"loc":{"start":{"line":66,"column":8},"end":{"line":67,"column":79}},"type":"if","locations":[{"start":{"line":66,"column":8},"end":{"line":67,"column":79}},{"start":{},"end":{}}],"line":66},"13":{"loc":{"start":{"line":69,"column":8},"end":{"line":70,"column":87}},"type":"if","locations":[{"start":{"line":69,"column":8},"end":{"line":70,"column":87}},{"start":{},"end":{}}],"line":69},"14":{"loc":{"start":{"line":73,"column":8},"end":{"line":74,"column":74}},"type":"if","locations":[{"start":{"line":73,"column":8},"end":{"line":74,"column":74}},{"start":{},"end":{}}],"line":73},"15":{"loc":{"start":{"line":77,"column":8},"end":{"line":78,"column":73}},"type":"if","locations":[{"start":{"line":77,"column":8},"end":{"line":78,"column":73}},{"start":{},"end":{}}],"line":77},"16":{"loc":{"start":{"line":84,"column":8},"end":{"line":90,"column":9}},"type":"if","locations":[{"start":{"line":84,"column":8},"end":{"line":90,"column":9}},{"start":{},"end":{}}],"line":84},"17":{"loc":{"start":{"line":95,"column":40},"end":{"line":95,"column":52}},"type":"default-arg","locations":[{"start":{"line":95,"column":50},"end":{"line":95,"column":52}}],"line":95},"18":{"loc":{"start":{"line":96,"column":8},"end":{"line":97,"column":89}},"type":"if","locations":[{"start":{"line":96,"column":8},"end":{"line":97,"column":89}},{"start":{},"end":{}}],"line":96},"19":{"loc":{"start":{"line":100,"column":8},"end":{"line":101,"column":83}},"type":"if","locations":[{"start":{"line":100,"column":8},"end":{"line":101,"column":83}},{"start":{},"end":{}}],"line":100},"20":{"loc":{"start":{"line":103,"column":8},"end":{"line":104,"column":65}},"type":"if","locations":[{"start":{"line":103,"column":8},"end":{"line":104,"column":65}},{"start":{},"end":{}}],"line":103},"21":{"loc":{"start":{"line":109,"column":32},"end":{"line":109,"column":44}},"type":"default-arg","locations":[{"start":{"line":109,"column":42},"end":{"line":109,"column":44}}],"line":109},"22":{"loc":{"start":{"line":110,"column":8},"end":{"line":111,"column":86}},"type":"if","locations":[{"start":{"line":110,"column":8},"end":{"line":111,"column":86}},{"start":{},"end":{}}],"line":110},"23":{"loc":{"start":{"line":114,"column":8},"end":{"line":115,"column":85}},"type":"if","locations":[{"start":{"line":114,"column":8},"end":{"line":115,"column":85}},{"start":{},"end":{}}],"line":114}},"s":{"0":4,"1":4,"2":4,"3":4,"4":4,"5":16,"6":5,"7":0,"8":5,"9":5,"10":0,"11":5,"12":5,"13":0,"14":5,"15":5,"16":1,"17":2,"18":0,"19":2,"20":2,"21":0,"22":2,"23":2,"24":0,"25":2,"26":0,"27":2,"28":0,"29":2,"30":0,"31":2,"32":2,"33":1,"34":1,"35":1,"36":0,"37":1,"38":1,"39":1,"40":0,"41":0,"42":0,"43":1,"44":1,"45":0,"46":1,"47":1,"48":0,"49":1,"50":0,"51":1,"52":2,"53":0,"54":2,"55":2,"56":0,"57":2,"58":4},"f":{"0":16,"1":5,"2":1,"3":2,"4":2,"5":1,"6":2},"b":{"0":[0,5],"1":[5,5],"2":[0,5],"3":[0,5],"4":[0],"5":[0],"6":[0],"7":[0,2],"8":[0,2],"9":[0],"10":[0,2],"11":[0,2],"12":[0,2],"13":[0,2],"14":[1,1],"15":[0,1],"16":[0,1],"17":[0],"18":[0,1],"19":[0,1],"20":[0,1],"21":[0],"22":[0,2],"23":[0,2]},"_coverageSchema":"1a1c01bbd47fc00a2c39e90264f33305004495a9","hash":"f588bff895d487bb0da9a9d6cbdb864751ab783d"}
,"C:\\Users\\v.csaba\\Desktop\\Pz_Vcskitörölt (7)\\Pz_Vcskitörölt\\Pz_Vcs\\api\\service\\index.js": {"path":"C:\\Users\\v.csaba\\Desktop\\Pz_Vcskitörölt (7)\\Pz_Vcskitörölt\\Pz_Vcs\\api\\service\\index.js","statementMap":{"0":{"start":{"line":1,"column":27},"end":{"line":1,"column":58}},"1":{"start":{"line":2,"column":20},"end":{"line":2,"column":44}},"2":{"start":{"line":3,"column":24},"end":{"line":3,"column":52}},"3":{"start":{"line":4,"column":21},"end":{"line":4,"column":46}},"4":{"start":{"line":7,"column":0},"end":{"line":16,"column":1}},"5":{"start":{"line":9,"column":31},"end":{"line":9,"column":57}},"6":{"start":{"line":10,"column":24},"end":{"line":10,"column":43}},"7":{"start":{"line":11,"column":28},"end":{"line":11,"column":51}},"8":{"start":{"line":12,"column":25},"end":{"line":12,"column":45}},"9":{"start":{"line":15,"column":4},"end":{"line":15,"column":74}}},"fnMap":{"0":{"name":"(anonymous_0)","decl":{"start":{"line":7,"column":17},"end":{"line":7,"column":18}},"loc":{"start":{"line":8,"column":0},"end":{"line":16,"column":1}},"line":8}},"branchMap":{},"s":{"0":4,"1":4,"2":4,"3":4,"4":4,"5":16,"6":16,"7":16,"8":16,"9":16},"f":{"0":16},"b":{},"_coverageSchema":"1a1c01bbd47fc00a2c39e90264f33305004495a9","hash":"7d1cc820c869987a8be6f0bbe761d0a98c975437"}
,"C:\\Users\\v.csaba\\Desktop\\Pz_Vcskitörölt (7)\\Pz_Vcskitörölt\\Pz_Vcs\\api\\service\\rendelesService.js": {"path":"C:\\Users\\v.csaba\\Desktop\\Pz_Vcskitörölt (7)\\Pz_Vcskitörölt\\Pz_Vcs\\api\\service\\rendelesService.js","statementMap":{"0":{"start":{"line":1,"column":43},"end":{"line":1,"column":63}},"1":{"start":{"line":5,"column":29},"end":{"line":5,"column":59}},"2":{"start":{"line":6,"column":8},"end":{"line":6,"column":66}},"3":{"start":{"line":7,"column":8},"end":{"line":7,"column":58}},"4":{"start":{"line":8,"column":8},"end":{"line":8,"column":72}},"5":{"start":{"line":12,"column":8},"end":{"line":12,"column":69}},"6":{"start":{"line":16,"column":8},"end":{"line":20,"column":9}},"7":{"start":{"line":17,"column":12},"end":{"line":19,"column":15}},"8":{"start":{"line":22,"column":25},"end":{"line":22,"column":75}},"9":{"start":{"line":24,"column":8},"end":{"line":28,"column":9}},"10":{"start":{"line":25,"column":12},"end":{"line":27,"column":15}},"11":{"start":{"line":30,"column":8},"end":{"line":30,"column":24}},"12":{"start":{"line":34,"column":8},"end":{"line":35,"column":85}},"13":{"start":{"line":35,"column":12},"end":{"line":35,"column":85}},"14":{"start":{"line":37,"column":8},"end":{"line":38,"column":80}},"15":{"start":{"line":38,"column":12},"end":{"line":38,"column":80}},"16":{"start":{"line":40,"column":8},"end":{"line":41,"column":88}},"17":{"start":{"line":41,"column":12},"end":{"line":41,"column":88}},"18":{"start":{"line":43,"column":8},"end":{"line":44,"column":84}},"19":{"start":{"line":44,"column":12},"end":{"line":44,"column":84}},"20":{"start":{"line":46,"column":8},"end":{"line":47,"column":92}},"21":{"start":{"line":47,"column":12},"end":{"line":47,"column":92}},"22":{"start":{"line":49,"column":8},"end":{"line":50,"column":85}},"23":{"start":{"line":50,"column":12},"end":{"line":50,"column":85}},"24":{"start":{"line":52,"column":21},"end":{"line":52,"column":93}},"25":{"start":{"line":53,"column":8},"end":{"line":56,"column":15}},"26":{"start":{"line":54,"column":12},"end":{"line":56,"column":15}},"27":{"start":{"line":58,"column":21},"end":{"line":58,"column":79}},"28":{"start":{"line":59,"column":8},"end":{"line":62,"column":15}},"29":{"start":{"line":60,"column":12},"end":{"line":62,"column":15}},"30":{"start":{"line":64,"column":8},"end":{"line":67,"column":15}},"31":{"start":{"line":65,"column":12},"end":{"line":67,"column":15}},"32":{"start":{"line":69,"column":8},"end":{"line":69,"column":69}},"33":{"start":{"line":73,"column":8},"end":{"line":76,"column":15}},"34":{"start":{"line":74,"column":12},"end":{"line":76,"column":15}},"35":{"start":{"line":78,"column":8},"end":{"line":81,"column":15}},"36":{"start":{"line":79,"column":12},"end":{"line":81,"column":15}},"37":{"start":{"line":83,"column":25},"end":{"line":83,"column":75}},"38":{"start":{"line":85,"column":8},"end":{"line":88,"column":15}},"39":{"start":{"line":86,"column":12},"end":{"line":88,"column":15}},"40":{"start":{"line":90,"column":8},"end":{"line":93,"column":15}},"41":{"start":{"line":91,"column":12},"end":{"line":93,"column":15}},"42":{"start":{"line":95,"column":8},"end":{"line":95,"column":73}},"43":{"start":{"line":99,"column":8},"end":{"line":102,"column":15}},"44":{"start":{"line":100,"column":12},"end":{"line":102,"column":15}},"45":{"start":{"line":104,"column":25},"end":{"line":104,"column":75}},"46":{"start":{"line":106,"column":8},"end":{"line":109,"column":15}},"47":{"start":{"line":107,"column":12},"end":{"line":109,"column":15}},"48":{"start":{"line":111,"column":8},"end":{"line":111,"column":65}},"49":{"start":{"line":118,"column":4},"end":{"line":118,"column":72}},"50":{"start":{"line":123,"column":21},"end":{"line":127,"column":15}},"51":{"start":{"line":129,"column":4},"end":{"line":137,"column":5}},"52":{"start":{"line":130,"column":21},"end":{"line":130,"column":32}},"53":{"start":{"line":132,"column":8},"end":{"line":134,"column":20}},"54":{"start":{"line":136,"column":8},"end":{"line":136,"column":48}},"55":{"start":{"line":139,"column":4},"end":{"line":144,"column":16}},"56":{"start":{"line":148,"column":0},"end":{"line":148,"column":33}}},"fnMap":{"0":{"name":"(anonymous_0)","decl":{"start":{"line":4,"column":4},"end":{"line":4,"column":5}},"loc":{"start":{"line":4,"column":20},"end":{"line":9,"column":5}},"line":4},"1":{"name":"(anonymous_1)","decl":{"start":{"line":11,"column":4},"end":{"line":11,"column":5}},"loc":{"start":{"line":11,"column":51},"end":{"line":13,"column":5}},"line":11},"2":{"name":"(anonymous_2)","decl":{"start":{"line":15,"column":4},"end":{"line":15,"column":5}},"loc":{"start":{"line":15,"column":40},"end":{"line":31,"column":5}},"line":15},"3":{"name":"(anonymous_3)","decl":{"start":{"line":33,"column":4},"end":{"line":33,"column":5}},"loc":{"start":{"line":33,"column":47},"end":{"line":70,"column":5}},"line":33},"4":{"name":"(anonymous_4)","decl":{"start":{"line":72,"column":4},"end":{"line":72,"column":5}},"loc":{"start":{"line":72,"column":51},"end":{"line":96,"column":5}},"line":72},"5":{"name":"(anonymous_5)","decl":{"start":{"line":98,"column":4},"end":{"line":98,"column":5}},"loc":{"start":{"line":98,"column":43},"end":{"line":112,"column":5}},"line":98},"6":{"name":"(anonymous_6)","decl":{"start":{"line":117,"column":0},"end":{"line":117,"column":1}},"loc":{"start":{"line":117,"column":36},"end":{"line":119,"column":1}},"line":117},"7":{"name":"(anonymous_7)","decl":{"start":{"line":121,"column":0},"end":{"line":121,"column":1}},"loc":{"start":{"line":121,"column":46},"end":{"line":145,"column":1}},"line":121}},"branchMap":{"0":{"loc":{"start":{"line":11,"column":24},"end":{"line":11,"column":35}},"type":"default-arg","locations":[{"start":{"line":11,"column":33},"end":{"line":11,"column":35}}],"line":11},"1":{"loc":{"start":{"line":11,"column":37},"end":{"line":11,"column":49}},"type":"default-arg","locations":[{"start":{"line":11,"column":47},"end":{"line":11,"column":49}}],"line":11},"2":{"loc":{"start":{"line":15,"column":26},"end":{"line":15,"column":38}},"type":"default-arg","locations":[{"start":{"line":15,"column":36},"end":{"line":15,"column":38}}],"line":15},"3":{"loc":{"start":{"line":16,"column":8},"end":{"line":20,"column":9}},"type":"if","locations":[{"start":{"line":16,"column":8},"end":{"line":20,"column":9}},{"start":{},"end":{}}],"line":16},"4":{"loc":{"start":{"line":24,"column":8},"end":{"line":28,"column":9}},"type":"if","locations":[{"start":{"line":24,"column":8},"end":{"line":28,"column":9}},{"start":{},"end":{}}],"line":24},"5":{"loc":{"start":{"line":33,"column":33},"end":{"line":33,"column":45}},"type":"default-arg","locations":[{"start":{"line":33,"column":43},"end":{"line":33,"column":45}}],"line":33},"6":{"loc":{"start":{"line":34,"column":8},"end":{"line":35,"column":85}},"type":"if","locations":[{"start":{"line":34,"column":8},"end":{"line":35,"column":85}},{"start":{},"end":{}}],"line":34},"7":{"loc":{"start":{"line":37,"column":8},"end":{"line":38,"column":80}},"type":"if","locations":[{"start":{"line":37,"column":8},"end":{"line":38,"column":80}},{"start":{},"end":{}}],"line":37},"8":{"loc":{"start":{"line":37,"column":12},"end":{"line":37,"column":71}},"type":"binary-expr","locations":[{"start":{"line":37,"column":12},"end":{"line":37,"column":42}},{"start":{"line":37,"column":46},"end":{"line":37,"column":71}}],"line":37},"9":{"loc":{"start":{"line":40,"column":8},"end":{"line":41,"column":88}},"type":"if","locations":[{"start":{"line":40,"column":8},"end":{"line":41,"column":88}},{"start":{},"end":{}}],"line":40},"10":{"loc":{"start":{"line":43,"column":8},"end":{"line":44,"column":84}},"type":"if","locations":[{"start":{"line":43,"column":8},"end":{"line":44,"column":84}},{"start":{},"end":{}}],"line":43},"11":{"loc":{"start":{"line":46,"column":8},"end":{"line":47,"column":92}},"type":"if","locations":[{"start":{"line":46,"column":8},"end":{"line":47,"column":92}},{"start":{},"end":{}}],"line":46},"12":{"loc":{"start":{"line":49,"column":8},"end":{"line":50,"column":85}},"type":"if","locations":[{"start":{"line":49,"column":8},"end":{"line":50,"column":85}},{"start":{},"end":{}}],"line":49},"13":{"loc":{"start":{"line":53,"column":8},"end":{"line":56,"column":15}},"type":"if","locations":[{"start":{"line":53,"column":8},"end":{"line":56,"column":15}},{"start":{},"end":{}}],"line":53},"14":{"loc":{"start":{"line":59,"column":8},"end":{"line":62,"column":15}},"type":"if","locations":[{"start":{"line":59,"column":8},"end":{"line":62,"column":15}},{"start":{},"end":{}}],"line":59},"15":{"loc":{"start":{"line":64,"column":8},"end":{"line":67,"column":15}},"type":"if","locations":[{"start":{"line":64,"column":8},"end":{"line":67,"column":15}},{"start":{},"end":{}}],"line":64},"16":{"loc":{"start":{"line":72,"column":37},"end":{"line":72,"column":49}},"type":"default-arg","locations":[{"start":{"line":72,"column":47},"end":{"line":72,"column":49}}],"line":72},"17":{"loc":{"start":{"line":73,"column":8},"end":{"line":76,"column":15}},"type":"if","locations":[{"start":{"line":73,"column":8},"end":{"line":76,"column":15}},{"start":{},"end":{}}],"line":73},"18":{"loc":{"start":{"line":78,"column":8},"end":{"line":81,"column":15}},"type":"if","locations":[{"start":{"line":78,"column":8},"end":{"line":81,"column":15}},{"start":{},"end":{}}],"line":78},"19":{"loc":{"start":{"line":85,"column":8},"end":{"line":88,"column":15}},"type":"if","locations":[{"start":{"line":85,"column":8},"end":{"line":88,"column":15}},{"start":{},"end":{}}],"line":85},"20":{"loc":{"start":{"line":90,"column":8},"end":{"line":93,"column":15}},"type":"if","locations":[{"start":{"line":90,"column":8},"end":{"line":93,"column":15}},{"start":{},"end":{}}],"line":90},"21":{"loc":{"start":{"line":90,"column":12},"end":{"line":90,"column":67}},"type":"binary-expr","locations":[{"start":{"line":90,"column":12},"end":{"line":90,"column":42}},{"start":{"line":90,"column":46},"end":{"line":90,"column":67}}],"line":90},"22":{"loc":{"start":{"line":98,"column":29},"end":{"line":98,"column":41}},"type":"default-arg","locations":[{"start":{"line":98,"column":39},"end":{"line":98,"column":41}}],"line":98},"23":{"loc":{"start":{"line":99,"column":8},"end":{"line":102,"column":15}},"type":"if","locations":[{"start":{"line":99,"column":8},"end":{"line":102,"column":15}},{"start":{},"end":{}}],"line":99},"24":{"loc":{"start":{"line":106,"column":8},"end":{"line":109,"column":15}},"type":"if","locations":[{"start":{"line":106,"column":8},"end":{"line":109,"column":15}},{"start":{},"end":{}}],"line":106},"25":{"loc":{"start":{"line":117,"column":22},"end":{"line":117,"column":34}},"type":"default-arg","locations":[{"start":{"line":117,"column":32},"end":{"line":117,"column":34}}],"line":117},"26":{"loc":{"start":{"line":121,"column":32},"end":{"line":121,"column":44}},"type":"default-arg","locations":[{"start":{"line":121,"column":42},"end":{"line":121,"column":44}}],"line":121},"27":{"loc":{"start":{"line":129,"column":4},"end":{"line":137,"column":5}},"type":"if","locations":[{"start":{"line":129,"column":4},"end":{"line":137,"column":5}},{"start":{},"end":{}}],"line":129}},"s":{"0":4,"1":16,"2":16,"3":16,"4":16,"5":1,"6":3,"7":0,"8":3,"9":3,"10":0,"11":3,"12":2,"13":0,"14":2,"15":0,"16":2,"17":0,"18":2,"19":0,"20":2,"21":0,"22":2,"23":0,"24":2,"25":2,"26":0,"27":2,"28":2,"29":0,"30":2,"31":1,"32":1,"33":1,"34":0,"35":1,"36":0,"37":1,"38":1,"39":0,"40":1,"41":0,"42":1,"43":1,"44":0,"45":1,"46":1,"47":0,"48":1,"49":0,"50":0,"51":0,"52":0,"53":0,"54":0,"55":0,"56":4},"f":{"0":16,"1":1,"2":3,"3":2,"4":1,"5":1,"6":0,"7":0},"b":{"0":[0],"1":[0],"2":[0],"3":[0,3],"4":[0,3],"5":[0],"6":[0,2],"7":[0,2],"8":[2,2],"9":[0,2],"10":[0,2],"11":[0,2],"12":[0,2],"13":[0,2],"14":[0,2],"15":[1,1],"16":[0],"17":[0,1],"18":[0,1],"19":[0,1],"20":[0,1],"21":[1,0],"22":[0],"23":[0,1],"24":[0,1],"25":[0],"26":[0],"27":[0,0]},"_coverageSchema":"1a1c01bbd47fc00a2c39e90264f33305004495a9","hash":"37e93d1a2be0a42b5e835da8605607c0ddf6d898"}
}
