TN:
SF:api\app.js
FN:28,(anonymous_0)
FNF:1
FNH:0
FNDA:0,(anonymous_0)
DA:1,4
DA:4,4
DA:5,4
DA:6,4
DA:8,4
DA:9,4
DA:10,4
DA:11,4
DA:13,4
DA:14,4
DA:15,4
DA:16,4
DA:19,4
DA:20,4
DA:24,4
DA:25,4
DA:28,4
DA:29,0
DA:32,4
DA:33,4
DA:34,4
DA:35,4
DA:39,4
DA:42,4
DA:44,4
LF:25
LH:24
BRDA:2,0,0,4
BRDA:2,0,1,0
BRF:2
BRH:1
end_of_record
TN:
SF:api\config\swagger.js
FNF:0
FNH:0
DA:1,4
DA:2,4
DA:4,4
DA:35,4
DA:37,4
LF:5
LH:5
BRF:0
BRH:0
end_of_record
TN:
SF:api\controllers\adminController.js
FN:4,(anonymous_0)
FN:15,(anonymous_1)
FN:27,(anonymous_2)
FN:39,(anonymous_3)
FN:51,(anonymous_4)
FN:63,(anonymous_5)
FNF:6
FNH:6
FNDA:7,(anonymous_0)
FNDA:1,(anonymous_1)
FNDA:2,(anonymous_2)
FNDA:1,(anonymous_3)
FNDA:1,(anonymous_4)
FNDA:1,(anonymous_5)
DA:1,4
DA:2,4
DA:4,4
DA:5,7
DA:6,7
DA:7,7
DA:8,5
DA:10,2
DA:11,2
DA:15,4
DA:16,1
DA:17,1
DA:23,0
DA:27,4
DA:28,2
DA:29,2
DA:35,1
DA:39,4
DA:40,1
DA:41,1
DA:45,1
DA:47,0
DA:51,4
DA:52,1
DA:53,1
DA:57,1
DA:59,0
DA:63,4
DA:64,1
DA:65,1
DA:69,1
DA:71,0
LF:32
LH:28
BRF:0
BRH:0
end_of_record
TN:
SF:api\controllers\cipoController.js
FN:4,(anonymous_0)
FN:17,(anonymous_1)
FN:33,(anonymous_2)
FN:50,(anonymous_3)
FN:62,(anonymous_4)
FN:74,(anonymous_5)
FN:86,(anonymous_6)
FNF:7
FNH:5
FNDA:1,(anonymous_0)
FNDA:0,(anonymous_1)
FNDA:0,(anonymous_2)
FNDA:2,(anonymous_3)
FNDA:2,(anonymous_4)
FNDA:1,(anonymous_5)
FNDA:1,(anonymous_6)
DA:1,4
DA:2,4
DA:4,4
DA:5,1
DA:6,1
DA:8,1
DA:14,0
DA:17,4
DA:18,0
DA:20,0
DA:21,0
DA:23,0
DA:27,0
DA:30,0
DA:33,4
DA:34,0
DA:36,0
DA:37,0
DA:39,0
DA:43,0
DA:46,0
DA:50,4
DA:51,2
DA:52,2
DA:58,1
DA:62,4
DA:63,2
DA:64,2
DA:68,1
DA:70,1
DA:74,4
DA:75,1
DA:76,1
DA:80,1
DA:82,0
DA:86,4
DA:87,1
DA:88,1
DA:92,1
DA:94,0
LF:40
LH:25
BRDA:6,0,0,1
BRDA:6,0,1,0
BRF:2
BRH:1
end_of_record
TN:
SF:api\controllers\felhasznaloController.js
FN:5,(anonymous_0)
FN:16,(anonymous_1)
FN:31,(anonymous_2)
FN:52,(anonymous_3)
FN:65,(anonymous_4)
FN:86,(anonymous_5)
FNF:6
FNH:6
FNDA:5,(anonymous_0)
FNDA:1,(anonymous_1)
FNDA:3,(anonymous_2)
FNDA:2,(anonymous_3)
FNDA:2,(anonymous_4)
FNDA:2,(anonymous_5)
DA:1,4
DA:2,4
DA:3,4
DA:5,4
DA:6,5
DA:7,5
DA:8,5
DA:9,5
DA:11,0
DA:16,4
DA:17,1
DA:18,1
DA:20,1
DA:26,0
DA:31,4
DA:32,3
DA:33,3
DA:35,3
DA:36,1
DA:41,2
DA:47,1
DA:52,4
DA:53,2
DA:54,2
DA:58,1
DA:60,1
DA:65,4
DA:66,2
DA:67,2
DA:69,2
DA:70,1
DA:75,1
DA:79,1
DA:81,1
DA:86,4
DA:87,2
DA:88,2
DA:90,2
DA:91,0
DA:96,2
DA:100,2
DA:102,0
LF:42
LH:38
BRDA:18,0,0,1
BRDA:18,0,1,0
BRDA:35,1,0,1
BRDA:35,1,1,2
BRDA:35,2,0,3
BRDA:35,2,1,2
BRDA:69,3,0,1
BRDA:69,3,1,1
BRDA:69,4,0,2
BRDA:69,4,1,2
BRDA:90,5,0,0
BRDA:90,5,1,2
BRDA:90,6,0,2
BRDA:90,6,1,1
BRF:14
BRH:12
end_of_record
TN:
SF:api\controllers\rendelesController.js
FN:5,(anonymous_0)
FN:19,(anonymous_1)
FN:39,(anonymous_2)
FN:88,(anonymous_3)
FN:104,(anonymous_4)
FN:122,(anonymous_5)
FN:137,(anonymous_6)
FNF:7
FNH:5
FNDA:1,(anonymous_0)
FNDA:3,(anonymous_1)
FNDA:2,(anonymous_2)
FNDA:1,(anonymous_3)
FNDA:1,(anonymous_4)
FNDA:0,(anonymous_5)
FNDA:0,(anonymous_6)
DA:1,4
DA:2,4
DA:3,4
DA:5,4
DA:6,1
DA:7,1
DA:9,1
DA:15,0
DA:19,4
DA:20,3
DA:21,3
DA:23,3
DA:27,3
DA:31,1
DA:34,2
DA:36,1
DA:39,4
DA:40,2
DA:41,2
DA:43,2
DA:45,2
DA:59,1
DA:61,1
DA:88,4
DA:89,1
DA:90,1
DA:98,1
DA:100,0
DA:104,4
DA:105,1
DA:106,1
DA:113,1
DA:115,0
DA:122,4
DA:123,0
DA:124,0
DA:126,0
DA:130,0
DA:133,0
DA:137,4
DA:138,0
DA:139,0
DA:140,0
DA:142,0
DA:148,0
DA:151,0
LF:46
LH:32
BRDA:7,0,0,1
BRDA:7,0,1,0
BRDA:27,1,0,1
BRDA:27,1,1,2
BRDA:28,2,0,3
BRDA:28,2,1,2
BRF:6
BRH:5
end_of_record
TN:
SF:api\db\index.js
FN:44,(anonymous_0)
FN:56,(anonymous_1)
FNF:2
FNH:0
FNDA:0,(anonymous_0)
FNDA:0,(anonymous_1)
DA:4,4
DA:5,4
DA:9,4
DA:12,4
DA:21,0
DA:33,4
DA:35,4
DA:42,4
DA:44,0
DA:45,0
DA:46,0
DA:47,0
DA:48,0
DA:50,0
DA:54,0
DA:56,0
DA:57,0
DA:58,0
DA:59,0
DA:60,0
DA:61,0
DA:63,0
DA:64,0
DA:69,4
LF:24
LH:8
BRDA:9,0,0,4
BRDA:9,0,1,0
BRDA:42,1,0,0
BRDA:42,1,1,4
BRF:4
BRH:2
end_of_record
TN:
SF:api\errors\AppError.js
FN:3,(anonymous_0)
FNF:1
FNH:1
FNDA:21,(anonymous_0)
DA:6,21
DA:8,21
DA:10,21
DA:12,21
DA:14,21
DA:16,21
DA:20,4
LF:7
LH:7
BRDA:3,0,0,0
BRDA:4,1,0,0
BRDA:4,2,0,0
BRDA:4,3,0,18
BRDA:4,4,0,21
BRDA:4,5,0,17
BRDA:12,6,0,21
BRDA:12,6,1,0
BRDA:14,7,0,21
BRDA:14,7,1,0
BRDA:16,8,0,21
BRDA:16,8,1,0
BRF:12
BRH:6
end_of_record
TN:
SF:api\errors\BadRequestError.js
FN:5,(anonymous_0)
FNF:1
FNH:1
FNDA:4,(anonymous_0)
DA:1,4
DA:7,4
DA:11,4
LF:3
LH:3
BRDA:5,0,0,0
BRDA:5,1,0,2
BRF:2
BRH:1
end_of_record
TN:
SF:api\errors\DbError.js
FN:5,(anonymous_0)
FNF:1
FNH:0
FNDA:0,(anonymous_0)
DA:1,4
DA:7,0
DA:11,4
LF:3
LH:2
BRDA:5,0,0,0
BRDA:5,1,0,0
BRF:2
BRH:0
end_of_record
TN:
SF:api\errors\NotFoundError.js
FN:5,(anonymous_0)
FNF:1
FNH:1
FNDA:3,(anonymous_0)
DA:1,4
DA:7,3
DA:11,4
LF:3
LH:3
BRDA:5,0,0,0
BRDA:5,1,0,1
BRF:2
BRH:1
end_of_record
TN:
SF:api\errors\UnauthorizedError.js
FN:5,(anonymous_0)
FNF:1
FNH:1
FNDA:14,(anonymous_0)
DA:1,4
DA:7,14
DA:11,4
LF:3
LH:3
BRDA:5,0,0,0
BRDA:5,1,0,14
BRF:2
BRH:1
end_of_record
TN:
SF:api\errors\ValidationError.js
FN:5,(anonymous_0)
FNF:1
FNH:0
FNDA:0,(anonymous_0)
DA:1,4
DA:7,0
DA:11,4
LF:3
LH:2
BRDA:5,0,0,0
BRDA:5,1,0,0
BRF:2
BRH:0
end_of_record
TN:
SF:api\errors\index.js
FNF:0
FNH:0
DA:1,4
LF:1
LH:1
BRF:0
BRH:0
end_of_record
TN:
SF:api\middlewares\authMiddleware.js
FN:4,(anonymous_0)
FN:26,(anonymous_1)
FNF:2
FNH:2
FNDA:37,(anonymous_0)
FNDA:18,(anonymous_1)
DA:1,4
DA:2,4
DA:4,4
DA:5,37
DA:7,37
DA:9,7
DA:14,30
DA:16,30
DA:17,30
DA:18,30
DA:19,30
DA:22,0
DA:26,4
DA:27,18
DA:28,4
DA:30,14
LF:16
LH:15
BRDA:7,0,0,7
BRDA:7,0,1,30
BRDA:7,1,0,37
BRDA:7,1,1,30
BRDA:27,2,0,4
BRDA:27,2,1,14
BRDA:27,3,0,18
BRDA:27,3,1,18
BRF:8
BRH:8
end_of_record
TN:
SF:api\middlewares\cipoFilter.js
FN:3,cipoFilter
FNF:1
FNH:1
FNDA:1,cipoFilter
DA:1,4
DA:3,4
DA:4,1
DA:6,1
DA:8,1
DA:9,0
DA:12,1
DA:13,0
DA:16,1
DA:17,0
DA:23,1
DA:25,0
DA:29,0
DA:37,1
DA:38,0
DA:39,0
DA:40,0
DA:44,1
DA:45,0
DA:46,0
DA:47,0
DA:52,1
DA:54,1
LF:23
LH:12
BRDA:8,0,0,0
BRDA:8,0,1,1
BRDA:8,1,0,1
BRDA:8,1,1,0
BRDA:12,2,0,0
BRDA:12,2,1,1
BRDA:12,3,0,1
BRDA:12,3,1,0
BRDA:16,4,0,0
BRDA:16,4,1,1
BRDA:16,5,0,1
BRDA:16,5,1,0
BRDA:23,6,0,0
BRDA:23,6,1,1
BRDA:25,7,0,0
BRDA:25,7,1,0
BRDA:37,8,0,0
BRDA:37,8,1,1
BRDA:37,9,0,1
BRDA:37,9,1,0
BRDA:39,10,0,0
BRDA:39,10,1,0
BRDA:40,11,0,0
BRDA:40,11,1,0
BRDA:44,12,0,0
BRDA:44,12,1,1
BRDA:44,13,0,1
BRDA:44,13,1,0
BRDA:46,14,0,0
BRDA:46,14,1,0
BRDA:47,15,0,0
BRDA:47,15,1,0
BRF:32
BRH:11
end_of_record
TN:
SF:api\middlewares\errorHandler.js
FN:3,notFound
FN:8,showError
FNF:2
FNH:1
FNDA:0,notFound
FNDA:21,showError
DA:1,4
DA:5,0
DA:10,21
DA:12,21
DA:14,0
DA:20,21
DA:22,21
DA:30,4
LF:8
LH:6
BRDA:12,0,0,0
BRDA:12,0,1,21
BRDA:26,1,0,21
BRDA:26,1,1,0
BRF:4
BRH:2
end_of_record
TN:
SF:api\middlewares\felhasznaloFilter.js
FN:3,felhasznaloFilter
FNF:1
FNH:1
FNDA:1,felhasznaloFilter
DA:1,4
DA:3,4
DA:4,1
DA:6,1
DA:9,1
DA:10,0
DA:14,1
DA:15,0
DA:19,1
DA:20,0
DA:24,1
DA:25,0
DA:26,0
DA:29,1
DA:30,1
LF:15
LH:10
BRDA:9,0,0,0
BRDA:9,0,1,1
BRDA:9,1,0,1
BRDA:9,1,1,0
BRDA:14,2,0,0
BRDA:14,2,1,1
BRDA:14,3,0,1
BRDA:14,3,1,0
BRDA:19,4,0,0
BRDA:19,4,1,1
BRDA:19,5,0,1
BRDA:19,5,1,0
BRDA:24,6,0,0
BRDA:24,6,1,1
BRDA:24,7,0,1
BRDA:24,7,1,0
BRDA:26,8,0,0
BRDA:26,8,1,0
BRF:18
BRH:8
end_of_record
TN:
SF:api\middlewares\rendelesFilter.js
FN:3,rendelesFilter
FNF:1
FNH:1
FNDA:1,rendelesFilter
DA:1,4
DA:3,4
DA:4,1
DA:6,1
DA:9,1
DA:10,0
DA:14,1
DA:15,0
DA:19,1
DA:20,0
DA:21,0
DA:25,1
DA:26,0
DA:27,0
DA:31,1
DA:32,0
DA:33,0
DA:34,0
DA:38,1
DA:39,0
DA:40,0
DA:41,0
DA:45,1
DA:46,1
LF:24
LH:12
BRDA:9,0,0,0
BRDA:9,0,1,1
BRDA:9,1,0,1
BRDA:9,1,1,0
BRDA:14,2,0,0
BRDA:14,2,1,1
BRDA:14,3,0,1
BRDA:14,3,1,0
BRDA:19,4,0,0
BRDA:19,4,1,1
BRDA:19,5,0,1
BRDA:19,5,1,0
BRDA:21,6,0,0
BRDA:21,6,1,0
BRDA:25,7,0,0
BRDA:25,7,1,1
BRDA:25,8,0,1
BRDA:25,8,1,0
BRDA:27,9,0,0
BRDA:27,9,1,0
BRDA:31,10,0,0
BRDA:31,10,1,1
BRDA:31,11,0,1
BRDA:31,11,1,0
BRDA:33,12,0,0
BRDA:33,12,1,0
BRDA:34,13,0,0
BRDA:34,13,1,0
BRDA:38,14,0,0
BRDA:38,14,1,1
BRDA:38,15,0,1
BRDA:38,15,1,0
BRDA:40,16,0,0
BRDA:40,16,1,0
BRDA:41,17,0,0
BRDA:41,17,1,0
BRF:36
BRH:12
end_of_record
TN:
SF:api\middlewares\transactionMiddleware.js
FN:3,(anonymous_0)
FN:7,(anonymous_1)
FNF:2
FNH:2
FNDA:54,(anonymous_0)
FNDA:108,(anonymous_1)
DA:1,4
DA:3,4
DA:4,54
DA:5,54
DA:7,54
DA:8,108
DA:10,108
DA:12,108
DA:13,66
DA:15,42
DA:19,108
DA:22,54
DA:23,54
DA:25,54
DA:28,54
LF:15
LH:15
BRDA:4,0,0,54
BRDA:4,0,1,0
BRDA:4,1,0,54
BRDA:4,1,1,0
BRDA:8,2,0,0
BRDA:8,2,1,108
BRDA:12,3,0,66
BRDA:12,3,1,42
BRDA:12,4,0,108
BRDA:12,4,1,108
BRF:10
BRH:7
end_of_record
TN:
SF:api\models\CipoKep.js
FN:3,(anonymous_0)
FNF:1
FNH:1
FNDA:4,(anonymous_0)
DA:1,4
DA:3,4
DA:7,4
DA:33,4
LF:4
LH:4
BRF:0
BRH:0
end_of_record
TN:
SF:api\models\CipoMeret.js
FN:3,(anonymous_0)
FNF:1
FNH:1
FNDA:4,(anonymous_0)
DA:1,4
DA:3,4
DA:7,4
DA:34,4
LF:4
LH:4
BRF:0
BRH:0
end_of_record
TN:
SF:api\models\admin.js
FN:3,(anonymous_0)
FNF:1
FNH:1
FNDA:4,(anonymous_0)
DA:1,4
DA:3,4
DA:5,4
DA:35,4
LF:4
LH:4
BRF:0
BRH:0
end_of_record
TN:
SF:api\models\cipo.js
FN:3,(anonymous_0)
FNF:1
FNH:1
FNDA:4,(anonymous_0)
DA:1,4
DA:3,4
DA:6,4
DA:44,4
LF:4
LH:4
BRF:0
BRH:0
end_of_record
TN:
SF:api\models\felhasznalo.js
FN:3,(anonymous_0)
FNF:1
FNH:1
FNDA:4,(anonymous_0)
DA:1,4
DA:3,4
DA:7,4
DA:63,4
LF:4
LH:4
BRF:0
BRH:0
end_of_record
TN:
SF:api\models\index.js
FN:5,(anonymous_0)
FNF:1
FNH:1
FNDA:4,(anonymous_0)
DA:1,4
DA:5,4
DA:6,4
DA:7,4
DA:8,4
DA:9,4
DA:10,4
DA:11,4
DA:13,4
DA:16,4
DA:20,4
DA:23,4
DA:26,4
DA:31,4
DA:34,4
DA:39,4
DA:44,4
LF:17
LH:17
BRF:0
BRH:0
end_of_record
TN:
SF:api\models\rendeles.js
FN:3,(anonymous_0)
FNF:1
FNH:1
FNDA:4,(anonymous_0)
DA:1,4
DA:3,4
DA:6,4
DA:60,4
LF:4
LH:4
BRF:0
BRH:0
end_of_record
TN:
SF:api\repositories\adminRepository.js
FN:4,(anonymous_0)
FN:8,(anonymous_1)
FN:22,(anonymous_2)
FN:34,(anonymous_3)
FN:47,(anonymous_4)
FN:60,(anonymous_5)
FN:74,(anonymous_6)
FNF:7
FNH:7
FNDA:64,(anonymous_0)
FNDA:7,(anonymous_1)
FNDA:1,(anonymous_2)
FNDA:4,(anonymous_3)
FNDA:1,(anonymous_4)
FNDA:1,(anonymous_5)
FNDA:1,(anonymous_6)
DA:1,4
DA:5,64
DA:9,7
DA:10,7
DA:15,0
DA:23,1
DA:24,1
DA:28,0
DA:35,4
DA:36,4
DA:40,0
DA:48,1
DA:49,1
DA:53,0
DA:61,1
DA:62,1
DA:67,0
DA:75,1
DA:76,1
DA:81,0
DA:89,4
LF:21
LH:15
BRDA:8,0,0,7
BRDA:22,1,0,0
BRDA:34,2,0,0
BRDA:47,3,0,0
BRDA:60,4,0,0
BRDA:74,5,0,0
BRF:6
BRH:1
end_of_record
TN:
SF:api\repositories\cipoRepository.js
FN:4,(anonymous_0)
FN:11,(anonymous_1)
FN:41,(anonymous_2)
FN:65,(anonymous_3)
FN:77,(anonymous_4)
FN:89,(anonymous_5)
FN:102,(anonymous_6)
FN:116,(anonymous_7)
FNF:8
FNH:6
FNDA:64,(anonymous_0)
FNDA:1,(anonymous_1)
FNDA:6,(anonymous_2)
FNDA:0,(anonymous_3)
FNDA:0,(anonymous_4)
FNDA:1,(anonymous_5)
FNDA:1,(anonymous_6)
FNDA:1,(anonymous_7)
DA:1,4
DA:5,64
DA:6,64
DA:7,64
DA:12,1
DA:13,1
DA:35,0
DA:42,6
DA:43,6
DA:59,0
DA:66,0
DA:67,0
DA:71,0
DA:78,0
DA:79,0
DA:83,0
DA:90,1
DA:91,1
DA:95,0
DA:103,1
DA:104,1
DA:109,0
DA:117,1
DA:118,1
DA:123,0
DA:131,4
LF:26
LH:15
BRDA:11,0,0,0
BRDA:11,1,0,0
BRDA:41,2,0,0
BRDA:65,3,0,0
BRDA:77,4,0,0
BRDA:89,5,0,0
BRDA:102,6,0,0
BRDA:116,7,0,0
BRF:8
BRH:0
end_of_record
TN:
SF:api\repositories\felhasznaloRepository.js
FN:4,(anonymous_0)
FN:8,(anonymous_1)
FN:22,(anonymous_2)
FN:36,(anonymous_3)
FN:49,(anonymous_4)
FN:62,(anonymous_5)
FN:75,(anonymous_6)
FN:89,(anonymous_7)
FNF:8
FNH:8
FNDA:64,(anonymous_0)
FNDA:7,(anonymous_1)
FNDA:1,(anonymous_2)
FNDA:1,(anonymous_3)
FNDA:7,(anonymous_4)
FNDA:1,(anonymous_5)
FNDA:1,(anonymous_6)
FNDA:2,(anonymous_7)
DA:1,4
DA:5,64
DA:9,7
DA:10,7
DA:15,0
DA:23,1
DA:24,1
DA:29,0
DA:37,1
DA:38,1
DA:43,0
DA:50,7
DA:51,7
DA:55,0
DA:63,1
DA:64,1
DA:68,0
DA:76,1
DA:77,1
DA:82,0
DA:90,2
DA:91,2
DA:96,0
DA:104,4
LF:24
LH:17
BRDA:8,0,0,5
BRDA:22,1,0,0
BRDA:36,2,0,0
BRDA:36,3,0,0
BRDA:49,4,0,0
BRDA:62,5,0,0
BRDA:75,6,0,0
BRDA:89,7,0,0
BRF:8
BRH:1
end_of_record
TN:
SF:api\repositories\index.js
FN:7,(anonymous_0)
FNF:1
FNH:1
FNDA:64,(anonymous_0)
DA:1,4
DA:2,4
DA:3,4
DA:4,4
DA:7,4
DA:9,64
DA:10,64
DA:11,64
DA:12,64
DA:15,64
LF:10
LH:10
BRF:0
BRH:0
end_of_record
TN:
SF:api\repositories\rendelesRepository.js
FN:4,(anonymous_0)
FN:15,(anonymous_1)
FN:28,(anonymous_2)
FN:41,(anonymous_3)
FN:54,(anonymous_4)
FN:68,(anonymous_5)
FN:85,(anonymous_6)
FNF:7
FNH:6
FNDA:64,(anonymous_0)
FNDA:1,(anonymous_1)
FNDA:5,(anonymous_2)
FNDA:1,(anonymous_3)
FNDA:1,(anonymous_4)
FNDA:1,(anonymous_5)
FNDA:0,(anonymous_6)
DA:1,4
DA:5,64
DA:10,64
DA:11,64
DA:12,64
DA:16,1
DA:17,1
DA:22,0
DA:29,5
DA:30,5
DA:34,0
DA:42,1
DA:43,1
DA:47,0
DA:55,1
DA:56,1
DA:61,0
DA:69,1
DA:70,1
DA:75,0
DA:86,0
DA:87,0
DA:110,0
DA:118,4
LF:24
LH:16
BRDA:15,0,0,0
BRDA:15,1,0,0
BRDA:28,2,0,0
BRDA:41,3,0,0
BRDA:54,4,0,0
BRDA:68,5,0,0
BRDA:85,6,0,0
BRF:7
BRH:0
end_of_record
TN:
SF:api\routes\adminRoutes.js
FNF:0
FNH:0
DA:1,4
DA:2,4
DA:4,4
DA:5,4
DA:45,4
DA:67,4
DA:101,4
DA:137,4
DA:159,4
DA:200,4
DA:201,4
LF:11
LH:11
BRF:0
BRH:0
end_of_record
TN:
SF:api\routes\cipoRoutes.js
FNF:0
FNH:0
DA:1,4
DA:2,4
DA:4,4
DA:5,4
DA:6,4
DA:78,4
DA:112,4
DA:143,4
DA:163,4
DA:200,4
DA:236,4
DA:259,4
DA:262,4
LF:13
LH:13
BRF:0
BRH:0
end_of_record
TN:
SF:api\routes\felhasznaloRoutes.js
FNF:0
FNH:0
DA:1,4
DA:2,4
DA:3,4
DA:4,4
DA:5,4
DA:20,4
DA:40,4
DA:81,4
DA:126,4
DA:149,4
DA:187,4
DA:188,4
LF:12
LH:12
BRF:0
BRH:0
end_of_record
TN:
SF:api\routes\rendelesRoutes.js
FNF:0
FNH:0
DA:1,4
DA:2,4
DA:3,4
DA:4,4
DA:5,4
DA:24,4
DA:45,4
DA:77,4
DA:107,4
DA:127,4
DA:166,4
DA:203,4
DA:205,4
LF:13
LH:13
BRF:0
BRH:0
end_of_record
TN:
SF:api\service\adminService.js
FN:8,(anonymous_0)
FN:13,(anonymous_1)
FN:36,(anonymous_2)
FN:40,(anonymous_3)
FN:58,(anonymous_4)
FN:88,(anonymous_5)
FN:115,(anonymous_6)
FNF:7
FNH:7
FNDA:16,(anonymous_0)
FNDA:7,(anonymous_1)
FNDA:1,(anonymous_2)
FNDA:2,(anonymous_3)
FNDA:1,(anonymous_4)
FNDA:1,(anonymous_5)
FNDA:1,(anonymous_6)
DA:1,4
DA:2,4
DA:3,4
DA:5,4
DA:9,16
DA:14,7
DA:15,0
DA:17,7
DA:19,7
DA:20,1
DA:22,6
DA:24,6
DA:25,1
DA:27,5
DA:33,5
DA:37,1
DA:41,2
DA:42,0
DA:47,2
DA:49,2
DA:50,1
DA:55,1
DA:59,1
DA:60,0
DA:65,1
DA:66,0
DA:71,1
DA:72,0
DA:77,1
DA:78,0
DA:83,1
DA:85,1
DA:89,1
DA:90,0
DA:95,1
DA:96,0
DA:101,1
DA:103,1
DA:104,0
DA:109,1
DA:110,0
DA:112,1
DA:116,1
DA:117,0
DA:122,1
DA:124,1
DA:125,0
DA:130,1
DA:134,4
LF:49
LH:37
BRDA:14,0,0,0
BRDA:14,0,1,7
BRDA:14,1,0,7
BRDA:14,1,1,7
BRDA:19,2,0,1
BRDA:19,2,1,6
BRDA:24,3,0,1
BRDA:24,3,1,5
BRDA:36,4,0,0
BRDA:40,5,0,0
BRDA:41,6,0,0
BRDA:41,6,1,2
BRDA:49,7,0,1
BRDA:49,7,1,1
BRDA:58,8,0,0
BRDA:59,9,0,0
BRDA:59,9,1,1
BRDA:65,10,0,0
BRDA:65,10,1,1
BRDA:71,11,0,0
BRDA:71,11,1,1
BRDA:77,12,0,0
BRDA:77,12,1,1
BRDA:88,13,0,0
BRDA:89,14,0,0
BRDA:89,14,1,1
BRDA:95,15,0,0
BRDA:95,15,1,1
BRDA:103,16,0,0
BRDA:103,16,1,1
BRDA:109,17,0,0
BRDA:109,17,1,1
BRDA:115,18,0,0
BRDA:116,19,0,0
BRDA:116,19,1,1
BRDA:124,20,0,0
BRDA:124,20,1,1
BRF:37
BRH:20
end_of_record
TN:
SF:api\service\cipoService.js
FN:4,(anonymous_0)
FN:8,(anonymous_1)
FN:12,(anonymous_2)
FN:29,(anonymous_3)
FN:41,(anonymous_4)
FN:48,(anonymous_5)
FN:70,(anonymous_6)
FN:88,(anonymous_7)
FN:116,(anonymous_8)
FN:140,(anonymous_9)
FNF:10
FNH:6
FNDA:16,(anonymous_0)
FNDA:1,(anonymous_1)
FNDA:2,(anonymous_2)
FNDA:0,(anonymous_3)
FNDA:0,(anonymous_4)
FNDA:0,(anonymous_5)
FNDA:0,(anonymous_6)
FNDA:2,(anonymous_7)
FNDA:1,(anonymous_8)
FNDA:1,(anonymous_9)
DA:1,4
DA:5,16
DA:9,1
DA:13,2
DA:14,0
DA:19,2
DA:21,2
DA:22,1
DA:27,1
DA:31,0
DA:32,0
DA:35,0
DA:37,0
DA:38,0
DA:41,0
DA:46,0
DA:50,0
DA:51,0
DA:56,0
DA:57,0
DA:62,0
DA:64,0
DA:65,0
DA:70,0
DA:75,0
DA:77,0
DA:81,0
DA:89,2
DA:90,0
DA:95,2
DA:96,0
DA:99,2
DA:100,1
DA:105,1
DA:106,0
DA:109,1
DA:110,0
DA:113,1
DA:117,1
DA:118,0
DA:123,1
DA:124,0
DA:129,1
DA:131,1
DA:132,0
DA:137,1
DA:141,1
DA:142,0
DA:147,1
DA:149,1
DA:150,0
DA:155,1
DA:159,4
LF:53
LH:25
BRDA:8,0,0,0
BRDA:8,1,0,0
BRDA:12,2,0,0
BRDA:13,3,0,0
BRDA:13,3,1,2
BRDA:21,4,0,1
BRDA:21,4,1,1
BRDA:29,5,0,0
BRDA:31,6,0,0
BRDA:31,6,1,0
BRDA:31,7,0,0
BRDA:31,7,1,0
BRDA:37,8,0,0
BRDA:37,8,1,0
BRDA:48,9,0,0
BRDA:50,10,0,0
BRDA:50,10,1,0
BRDA:56,11,0,0
BRDA:56,11,1,0
BRDA:56,12,0,0
BRDA:56,12,1,0
BRDA:64,13,0,0
BRDA:64,13,1,0
BRDA:88,14,0,0
BRDA:89,15,0,0
BRDA:89,15,1,2
BRDA:95,16,0,0
BRDA:95,16,1,2
BRDA:99,17,0,1
BRDA:99,17,1,1
BRDA:105,18,0,0
BRDA:105,18,1,1
BRDA:105,19,0,1
BRDA:105,19,1,1
BRDA:109,20,0,0
BRDA:109,20,1,1
BRDA:116,21,0,0
BRDA:117,22,0,0
BRDA:117,22,1,1
BRDA:123,23,0,0
BRDA:123,23,1,1
BRDA:131,24,0,0
BRDA:131,24,1,1
BRDA:140,25,0,0
BRDA:141,26,0,0
BRDA:141,26,1,1
BRDA:149,27,0,0
BRDA:149,27,1,1
BRF:48
BRH:16
end_of_record
TN:
SF:api\service\emailService.js
FN:13,(anonymous_0)
FNF:1
FNH:0
FNDA:0,(anonymous_0)
DA:1,4
DA:3,4
DA:13,4
DA:14,0
LF:4
LH:3
BRF:0
BRH:0
end_of_record
TN:
SF:api\service\felhasznaloService.js
FN:9,(anonymous_0)
FN:14,(anonymous_1)
FN:41,(anonymous_2)
FN:45,(anonymous_3)
FN:59,(anonymous_4)
FN:95,(anonymous_5)
FN:109,(anonymous_6)
FNF:7
FNH:7
FNDA:16,(anonymous_0)
FNDA:5,(anonymous_1)
FNDA:1,(anonymous_2)
FNDA:2,(anonymous_3)
FNDA:2,(anonymous_4)
FNDA:1,(anonymous_5)
FNDA:2,(anonymous_6)
DA:1,4
DA:2,4
DA:3,4
DA:4,4
DA:6,4
DA:10,16
DA:15,5
DA:16,0
DA:18,5
DA:20,5
DA:21,0
DA:23,5
DA:24,5
DA:25,0
DA:27,5
DA:38,5
DA:42,1
DA:46,2
DA:47,0
DA:49,2
DA:51,2
DA:52,0
DA:56,2
DA:60,2
DA:61,0
DA:63,2
DA:64,0
DA:66,2
DA:67,0
DA:69,2
DA:70,0
DA:72,2
DA:73,2
DA:74,1
DA:76,1
DA:77,1
DA:78,0
DA:80,1
DA:82,1
DA:84,1
DA:85,0
DA:86,0
DA:88,0
DA:92,1
DA:96,1
DA:97,0
DA:99,1
DA:100,1
DA:101,0
DA:103,1
DA:104,0
DA:106,1
DA:110,2
DA:111,0
DA:113,2
DA:114,2
DA:115,0
DA:117,2
DA:121,4
LF:59
LH:41
BRDA:15,0,0,0
BRDA:15,0,1,5
BRDA:15,1,0,5
BRDA:15,1,1,5
BRDA:20,2,0,0
BRDA:20,2,1,5
BRDA:24,3,0,0
BRDA:24,3,1,5
BRDA:41,4,0,0
BRDA:41,5,0,0
BRDA:45,6,0,0
BRDA:46,7,0,0
BRDA:46,7,1,2
BRDA:51,8,0,0
BRDA:51,8,1,2
BRDA:59,9,0,0
BRDA:60,10,0,0
BRDA:60,10,1,2
BRDA:63,11,0,0
BRDA:63,11,1,2
BRDA:66,12,0,0
BRDA:66,12,1,2
BRDA:69,13,0,0
BRDA:69,13,1,2
BRDA:73,14,0,1
BRDA:73,14,1,1
BRDA:77,15,0,0
BRDA:77,15,1,1
BRDA:84,16,0,0
BRDA:84,16,1,1
BRDA:95,17,0,0
BRDA:96,18,0,0
BRDA:96,18,1,1
BRDA:100,19,0,0
BRDA:100,19,1,1
BRDA:103,20,0,0
BRDA:103,20,1,1
BRDA:109,21,0,0
BRDA:110,22,0,0
BRDA:110,22,1,2
BRDA:114,23,0,0
BRDA:114,23,1,2
BRF:42
BRH:20
end_of_record
TN:
SF:api\service\index.js
FN:7,(anonymous_0)
FNF:1
FNH:1
FNDA:16,(anonymous_0)
DA:1,4
DA:2,4
DA:3,4
DA:4,4
DA:7,4
DA:9,16
DA:10,16
DA:11,16
DA:12,16
DA:15,16
LF:10
LH:10
BRF:0
BRH:0
end_of_record
TN:
SF:api\service\rendelesService.js
FN:4,(anonymous_0)
FN:11,(anonymous_1)
FN:15,(anonymous_2)
FN:33,(anonymous_3)
FN:72,(anonymous_4)
FN:98,(anonymous_5)
FN:117,(anonymous_6)
FN:121,(anonymous_7)
FNF:8
FNH:6
FNDA:16,(anonymous_0)
FNDA:1,(anonymous_1)
FNDA:3,(anonymous_2)
FNDA:2,(anonymous_3)
FNDA:1,(anonymous_4)
FNDA:1,(anonymous_5)
FNDA:0,(anonymous_6)
FNDA:0,(anonymous_7)
DA:1,4
DA:5,16
DA:6,16
DA:7,16
DA:8,16
DA:12,1
DA:16,3
DA:17,0
DA:22,3
DA:24,3
DA:25,0
DA:30,3
DA:34,2
DA:35,0
DA:37,2
DA:38,0
DA:40,2
DA:41,0
DA:43,2
DA:44,0
DA:46,2
DA:47,0
DA:49,2
DA:50,0
DA:52,2
DA:53,2
DA:54,0
DA:58,2
DA:59,2
DA:60,0
DA:64,2
DA:65,1
DA:69,1
DA:73,1
DA:74,0
DA:78,1
DA:79,0
DA:83,1
DA:85,1
DA:86,0
DA:90,1
DA:91,0
DA:95,1
DA:99,1
DA:100,0
DA:104,1
DA:106,1
DA:107,0
DA:111,1
DA:118,0
DA:123,0
DA:129,0
DA:130,0
DA:132,0
DA:136,0
DA:139,0
DA:148,4
LF:57
LH:34
BRDA:11,0,0,0
BRDA:11,1,0,0
BRDA:15,2,0,0
BRDA:16,3,0,0
BRDA:16,3,1,3
BRDA:24,4,0,0
BRDA:24,4,1,3
BRDA:33,5,0,0
BRDA:34,6,0,0
BRDA:34,6,1,2
BRDA:37,7,0,0
BRDA:37,7,1,2
BRDA:37,8,0,2
BRDA:37,8,1,2
BRDA:40,9,0,0
BRDA:40,9,1,2
BRDA:43,10,0,0
BRDA:43,10,1,2
BRDA:46,11,0,0
BRDA:46,11,1,2
BRDA:49,12,0,0
BRDA:49,12,1,2
BRDA:53,13,0,0
BRDA:53,13,1,2
BRDA:59,14,0,0
BRDA:59,14,1,2
BRDA:64,15,0,1
BRDA:64,15,1,1
BRDA:72,16,0,0
BRDA:73,17,0,0
BRDA:73,17,1,1
BRDA:78,18,0,0
BRDA:78,18,1,1
BRDA:85,19,0,0
BRDA:85,19,1,1
BRDA:90,20,0,0
BRDA:90,20,1,1
BRDA:90,21,0,1
BRDA:90,21,1,0
BRDA:98,22,0,0
BRDA:99,23,0,0
BRDA:99,23,1,1
BRDA:106,24,0,0
BRDA:106,24,1,1
BRDA:117,25,0,0
BRDA:121,26,0,0
BRDA:129,27,0,0
BRDA:129,27,1,0
BRF:48
BRH:21
end_of_record
